<?xml version="1.0" encoding="UTF-8"?>
<robot generator="Robot 4.0.3 (Python 3.9.5 on win32)" generated="20210615 21:51:59.455" rpa="false" schemaversion="2">
<suite id="s1" name="Setup Teardown" source="C:\Users\TAKA\Documents\Docs - Thiago\Cursos\PrimeExpert\prime_experts_jun2021\setup_teardown\setup_teardown.robot">
<kw name="KW para executar no Setup da Suite" type="SETUP">
<kw name="Log To Console" library="BuiltIn">
<arg>Essa KW foi executada antes de começar a Suite!</arg>
<doc>Logs the given message to the console.</doc>
<status status="PASS" starttime="20210615 21:51:59.493" endtime="20210615 21:51:59.493"/>
</kw>
<status status="PASS" starttime="20210615 21:51:59.492" endtime="20210615 21:51:59.494"/>
</kw>
<test id="s1-t1" name="Teste de somar dois números">
<kw name="KW para executar no Setup de cada Teste" type="SETUP">
<kw name="Log To Console" library="BuiltIn">
<arg>Essa KW foi executada antes de começar esse Teste!</arg>
<doc>Logs the given message to the console.</doc>
<status status="PASS" starttime="20210615 21:51:59.495" endtime="20210615 21:51:59.495"/>
</kw>
<status status="PASS" starttime="20210615 21:51:59.494" endtime="20210615 21:51:59.495"/>
</kw>
<kw name="Somar dois números">
<var>${RESULTADO_SOMA}</var>
<arg>1</arg>
<arg>2</arg>
<kw name="Log To Console" library="BuiltIn">
<arg>${\n}Estou somando os números: ${NUM_A}+${NUM_B}</arg>
<doc>Logs the given message to the console.</doc>
<status status="PASS" starttime="20210615 21:51:59.496" endtime="20210615 21:51:59.497"/>
</kw>
<kw name="Evaluate" library="BuiltIn">
<var>${RESULTADO}</var>
<arg>${NUM_A}+${NUM_B}</arg>
<doc>Evaluates the given expression in Python and returns the result.</doc>
<msg timestamp="20210615 21:51:59.497" level="INFO">${RESULTADO} = 3</msg>
<status status="PASS" starttime="20210615 21:51:59.497" endtime="20210615 21:51:59.497"/>
</kw>
<kw name="Log To Console" library="BuiltIn">
<arg>O resultado é: ${RESULTADO}</arg>
<doc>Logs the given message to the console.</doc>
<status status="PASS" starttime="20210615 21:51:59.498" endtime="20210615 21:51:59.498"/>
</kw>
<msg timestamp="20210615 21:51:59.498" level="INFO">${RESULTADO_SOMA} = 3</msg>
<status status="PASS" starttime="20210615 21:51:59.496" endtime="20210615 21:51:59.498"/>
</kw>
<kw name="Log To Console" library="BuiltIn">
<arg>O resultado da soma é: ${RESULTADO_SOMA}</arg>
<doc>Logs the given message to the console.</doc>
<status status="PASS" starttime="20210615 21:51:59.499" endtime="20210615 21:51:59.499"/>
</kw>
<kw name="Somar dois números">
<var>${RESULTADO_SOMA}</var>
<arg>3</arg>
<arg>4</arg>
<kw name="Log To Console" library="BuiltIn">
<arg>${\n}Estou somando os números: ${NUM_A}+${NUM_B}</arg>
<doc>Logs the given message to the console.</doc>
<status status="PASS" starttime="20210615 21:51:59.500" endtime="20210615 21:51:59.501"/>
</kw>
<kw name="Evaluate" library="BuiltIn">
<var>${RESULTADO}</var>
<arg>${NUM_A}+${NUM_B}</arg>
<doc>Evaluates the given expression in Python and returns the result.</doc>
<msg timestamp="20210615 21:51:59.502" level="INFO">${RESULTADO} = 7</msg>
<status status="PASS" starttime="20210615 21:51:59.501" endtime="20210615 21:51:59.502"/>
</kw>
<kw name="Log To Console" library="BuiltIn">
<arg>O resultado é: ${RESULTADO}</arg>
<doc>Logs the given message to the console.</doc>
<status status="PASS" starttime="20210615 21:51:59.502" endtime="20210615 21:51:59.503"/>
</kw>
<msg timestamp="20210615 21:51:59.504" level="INFO">${RESULTADO_SOMA} = 7</msg>
<status status="PASS" starttime="20210615 21:51:59.499" endtime="20210615 21:51:59.504"/>
</kw>
<kw name="Log To Console" library="BuiltIn">
<arg>O resultado da soma é: ${RESULTADO_SOMA}</arg>
<doc>Logs the given message to the console.</doc>
<status status="PASS" starttime="20210615 21:51:59.504" endtime="20210615 21:51:59.505"/>
</kw>
<kw name="KW para executar no Teardown de cada Teste" type="TEARDOWN">
<kw name="Log To Console" library="BuiltIn">
<arg>Essa KW foi executada após cada Teste!</arg>
<doc>Logs the given message to the console.</doc>
<status status="PASS" starttime="20210615 21:51:59.505" endtime="20210615 21:51:59.506"/>
</kw>
<status status="PASS" starttime="20210615 21:51:59.505" endtime="20210615 21:51:59.506"/>
</kw>
<status status="PASS" starttime="20210615 21:51:59.494" endtime="20210615 21:51:59.509"/>
</test>
<test id="s1-t2" name="Teste de somar dois números embutidos">
<kw name="KW para executar no Setup de cada Teste" type="SETUP">
<kw name="Log To Console" library="BuiltIn">
<arg>Essa KW foi executada antes de começar esse Teste!</arg>
<doc>Logs the given message to the console.</doc>
<status status="PASS" starttime="20210615 21:51:59.513" endtime="20210615 21:51:59.514"/>
</kw>
<status status="PASS" starttime="20210615 21:51:59.512" endtime="20210615 21:51:59.515"/>
</kw>
<kw name="Somar os números &quot;3&quot; e &quot;4&quot;" sourcename="Somar os números &quot;${NUM_A}&quot; e &quot;${NUM_B}&quot;">
<var>${RESULTADO_SOMA}</var>
<kw name="Log To Console" library="BuiltIn">
<arg>${\n}Estou somando os números embutidos: ${NUM_A}+${NUM_B}</arg>
<doc>Logs the given message to the console.</doc>
<status status="PASS" starttime="20210615 21:51:59.516" endtime="20210615 21:51:59.517"/>
</kw>
<kw name="Evaluate" library="BuiltIn">
<var>${RESULTADO}</var>
<arg>${NUM_A}+${NUM_B}</arg>
<doc>Evaluates the given expression in Python and returns the result.</doc>
<msg timestamp="20210615 21:51:59.518" level="INFO">${RESULTADO} = 7</msg>
<status status="PASS" starttime="20210615 21:51:59.517" endtime="20210615 21:51:59.518"/>
</kw>
<kw name="Log To Console" library="BuiltIn">
<arg>O resultado é: ${RESULTADO}</arg>
<doc>Logs the given message to the console.</doc>
<status status="PASS" starttime="20210615 21:51:59.518" endtime="20210615 21:51:59.518"/>
</kw>
<msg timestamp="20210615 21:51:59.519" level="INFO">${RESULTADO_SOMA} = 7</msg>
<status status="PASS" starttime="20210615 21:51:59.515" endtime="20210615 21:51:59.519"/>
</kw>
<kw name="Log To Console" library="BuiltIn">
<arg>O resultado da soma é: ${RESULTADO_SOMA}</arg>
<doc>Logs the given message to the console.</doc>
<status status="PASS" starttime="20210615 21:51:59.519" endtime="20210615 21:51:59.519"/>
</kw>
<kw name="KW para executar no Teardown de cada Teste" type="TEARDOWN">
<kw name="Log To Console" library="BuiltIn">
<arg>Essa KW foi executada após cada Teste!</arg>
<doc>Logs the given message to the console.</doc>
<status status="PASS" starttime="20210615 21:51:59.520" endtime="20210615 21:51:59.521"/>
</kw>
<status status="PASS" starttime="20210615 21:51:59.520" endtime="20210615 21:51:59.521"/>
</kw>
<status status="PASS" starttime="20210615 21:51:59.511" endtime="20210615 21:51:59.521"/>
</test>
<kw name="KW para executar no Teardown da Suite" type="TEARDOWN">
<kw name="Log To Console" library="BuiltIn">
<arg>Essa KW foi executada após a Suite!</arg>
<doc>Logs the given message to the console.</doc>
<status status="PASS" starttime="20210615 21:51:59.522" endtime="20210615 21:51:59.523"/>
</kw>
<status status="PASS" starttime="20210615 21:51:59.522" endtime="20210615 21:51:59.523"/>
</kw>
<doc>Testes de argumentos que trazem retornos como resultado</doc>
<status status="PASS" starttime="20210615 21:51:59.457" endtime="20210615 21:51:59.523"/>
</suite>
<statistics>
<total>
<stat pass="2" fail="0" skip="0">All Tests</stat>
</total>
<tag>
</tag>
<suite>
<stat pass="2" fail="0" skip="0" id="s1" name="Setup Teardown">Setup Teardown</stat>
</suite>
</statistics>
<errors>
</errors>
</robot>
