<?xml version="1.0" encoding="UTF-8"?>
<robot generator="Robot 4.0.3 (Python 3.9.5 on win32)" generated="20210614 21:30:09.311" rpa="false" schemaversion="2">
<suite id="s1" name="Teste Variabeis" source="c:\Users\TAKA\Documents\Docs - Thiago\Cursos\PrimeExpert\prime_experts_jun2021\teste_variabeis.robot">
<test id="s1-t1" name="Meu teste de impressão de mensagem no terminal">
<kw name="Logar no meu terminal uma mensagem">
<kw name="Log" library="BuiltIn">
<arg>${MENSAGEM}</arg>
<doc>Logs the given message with the given level.</doc>
<msg timestamp="20210614 21:30:09.359" level="INFO">Hello world!!</msg>
<status status="PASS" starttime="20210614 21:30:09.359" endtime="20210614 21:30:09.359"/>
</kw>
<status status="PASS" starttime="20210614 21:30:09.358" endtime="20210614 21:30:09.359"/>
</kw>
<status status="PASS" starttime="20210614 21:30:09.357" endtime="20210614 21:30:09.359"/>
</test>
<doc>Meu teste de variaveis</doc>
<status status="PASS" starttime="20210614 21:30:09.314" endtime="20210614 21:30:09.360"/>
</suite>
<statistics>
<total>
<stat pass="1" fail="0" skip="0">All Tests</stat>
</total>
<tag>
</tag>
<suite>
<stat pass="1" fail="0" skip="0" id="s1" name="Teste Variabeis">Teste Variabeis</stat>
</suite>
</statistics>
<errors>
</errors>
</robot>
