<?xml version="1.0" encoding="UTF-8"?>
<robot generator="Robot 4.0.3 (Python 3.9.5 on win32)" generated="20210620 20:08:29.001" rpa="false" schemaversion="2">
<suite id="s1" name="Desafio Mobile" source="C:\Users\TAKA\Documents\Docs - Thiago\Cursos\PrimeExpert\prime_experts_jun2021\desafio_mobile\desafio_mobile.robot">
<test id="s1-t1" name="Case test 02: Logging in on Youtube">
<kw name="Open Youtube" library="resourcesMobile">
<kw name="Open Application" library="AppiumLibrary">
<arg>${REMOTE_URL}</arg>
<arg>platformName=${PLATFORM_NAME}</arg>
<arg>platformVersion=${PLATFORM_VERSION}</arg>
<arg>deviceName=${DEVICE_NAME}</arg>
<arg>appPackage=${APP_PACKAGE}</arg>
<arg>appActivity=${APP_ACTIVITY}</arg>
<arg>automationName=${AUTOMATION_NAME}</arg>
<doc>Opens a new application to given Appium server.
Capabilities of appium server, Android and iOS,
Please check https://github.com/appium/appium/blob/master/docs/en/writing-running-appium/server-args.md
| *Option*            | *Man.* | *Description*     |
| remote_url          | Yes    | Appium server url |
| alias               | no     | alias             |</doc>
<status status="PASS" starttime="20210620 20:08:29.301" endtime="20210620 20:08:53.797"/>
</kw>
<kw name="Wait Until Page Contains Element" library="AppiumLibrary">
<arg>${BANNER_ICON}</arg>
<arg>20</arg>
<doc>Waits until element specified with `locator` appears on current page.</doc>
<status status="PASS" starttime="20210620 20:08:53.797" endtime="20210620 20:08:59.088"/>
</kw>
<status status="PASS" starttime="20210620 20:08:29.301" endtime="20210620 20:08:59.088"/>
</kw>
<kw name="Logging on the app with account" library="resourcesMobile">
<kw name="Click Element" library="AppiumLibrary">
<arg>${ACCOUNT_BTN}</arg>
<doc>Click element identified by `locator`.</doc>
<msg timestamp="20210620 20:08:59.092" level="INFO">Clicking element 'accessibility_id=Account'.</msg>
<status status="PASS" starttime="20210620 20:08:59.090" endtime="20210620 20:08:59.631"/>
</kw>
<kw name="Wait Until Page Contains Element" library="AppiumLibrary">
<arg>${SINGIN_BTN}</arg>
<arg>80ms</arg>
<doc>Waits until element specified with `locator` appears on current page.</doc>
<status status="PASS" starttime="20210620 20:08:59.632" endtime="20210620 20:09:00.606"/>
</kw>
<kw name="Click Element" library="AppiumLibrary">
<arg>${SINGIN_BTN}</arg>
<doc>Click element identified by `locator`.</doc>
<msg timestamp="20210620 20:09:00.611" level="INFO">Clicking element 'id=com.google.android.youtube:id/button'.</msg>
<status status="PASS" starttime="20210620 20:09:00.606" endtime="20210620 20:09:01.394"/>
</kw>
<kw name="Sleep" library="BuiltIn">
<arg>5s</arg>
<doc>Pauses the test executed for the given time.</doc>
<msg timestamp="20210620 20:09:06.397" level="INFO">Slept 5 seconds</msg>
<status status="PASS" starttime="20210620 20:09:01.395" endtime="20210620 20:09:06.397"/>
</kw>
<kw name="Click Element" library="AppiumLibrary">
<arg>${SINGIN_BTN2}</arg>
<doc>Click element identified by `locator`.</doc>
<msg timestamp="20210620 20:09:06.399" level="INFO">Clicking element 'id=com.google.android.youtube:id/name'.</msg>
<status status="PASS" starttime="20210620 20:09:06.397" endtime="20210620 20:09:06.569"/>
</kw>
<kw name="Sleep" library="BuiltIn">
<arg>20s</arg>
<doc>Pauses the test executed for the given time.</doc>
<msg timestamp="20210620 20:09:26.571" level="INFO">Slept 20 seconds</msg>
<status status="PASS" starttime="20210620 20:09:06.569" endtime="20210620 20:09:26.571"/>
</kw>
<kw name="Click Element" library="AppiumLibrary">
<arg>${LOGINGOOGLE}</arg>
<doc>Click element identified by `locator`.</doc>
<msg timestamp="20210620 20:09:26.573" level="INFO">Clicking element 'xpath=/hierarchy/android.widget.FrameLayout/android.widget.LinearLayout/android.widget.FrameLayout/android.widget.FrameLayout/android.widget.FrameLayout/android.widget.FrameLayout/android.widget.FrameLayout/android.widget.LinearLayout/android.widget.FrameLayout/android.webkit.WebView/android.webkit.WebView/android.view.View[1]/android.view.View[3]/android.view.View/android.view.View[1]/android.view.View[2]/android.view.View'.</msg>
<status status="PASS" starttime="20210620 20:09:26.571" endtime="20210620 20:09:26.956"/>
</kw>
<kw name="Input Text" library="AppiumLibrary">
<arg>${LOGINGOOGLE}</arg>
<arg>thiagotestemobile@gmail.com</arg>
<doc>Types the given `text` into text field identified by `locator`.</doc>
<msg timestamp="20210620 20:09:26.961" level="INFO">Typing text 'thiagotestemobile@gmail.com' into text field 'xpath=/hierarchy/android.widget.FrameLayout/android.widget.LinearLayout/android.widget.FrameLayout/android.widget.FrameLayout/android.widget.FrameLayout/android.widget.FrameLayout/android.widget.FrameLayout/android.widget.LinearLayout/android.widget.FrameLayout/android.webkit.WebView/android.webkit.WebView/android.view.View[1]/android.view.View[3]/android.view.View/android.view.View[1]/android.view.View[2]/android.view.View'</msg>
<kw name="Capture Page Screenshot" library="AppiumLibrary">
<doc>Takes a screenshot of the current page and embeds it into the log.</doc>
<msg timestamp="20210620 20:09:29.645" level="INFO" html="true">&lt;/td&gt;&lt;/tr&gt;&lt;tr&gt;&lt;td colspan="3"&gt;&lt;a href="appium-screenshot-1.png"&gt;&lt;img src="appium-screenshot-1.png" width="800px"&gt;&lt;/a&gt;</msg>
<status status="PASS" starttime="20210620 20:09:27.899" endtime="20210620 20:09:29.646"/>
</kw>
<msg timestamp="20210620 20:09:29.773" level="FAIL">InvalidElementStateException: Message: Cannot set the element to 'thiagotestemobile@gmail.com'. Did you interact with the correct element?
</msg>
<status status="FAIL" starttime="20210620 20:09:26.956" endtime="20210620 20:09:29.774"/>
</kw>
<kw name="Click Element" library="AppiumLibrary">
<arg>${NEXTNAME_BTN_BTN}</arg>
<doc>Click element identified by `locator`.</doc>
<status status="NOT RUN" starttime="20210620 20:09:29.774" endtime="20210620 20:09:29.774"/>
</kw>
<kw name="Wait Until Page Contains Element" library="AppiumLibrary">
<arg>${PRESSPASSWORD}</arg>
<arg>10s</arg>
<doc>Waits until element specified with `locator` appears on current page.</doc>
<status status="NOT RUN" starttime="20210620 20:09:29.774" endtime="20210620 20:09:29.774"/>
</kw>
<kw name="Click Element" library="AppiumLibrary">
<arg>${PRESSPASSWORD}</arg>
<doc>Click element identified by `locator`.</doc>
<status status="NOT RUN" starttime="20210620 20:09:29.775" endtime="20210620 20:09:29.775"/>
</kw>
<kw name="Input Text" library="AppiumLibrary">
<arg>${PRESSPASSWORD}</arg>
<arg>@Testemobile01</arg>
<doc>Types the given `text` into text field identified by `locator`.</doc>
<status status="NOT RUN" starttime="20210620 20:09:29.775" endtime="20210620 20:09:29.775"/>
</kw>
<kw name="Wait Until Page Contains Element" library="AppiumLibrary">
<arg>${SKIP_BTN}</arg>
<arg>10s</arg>
<doc>Waits until element specified with `locator` appears on current page.</doc>
<status status="NOT RUN" starttime="20210620 20:09:29.775" endtime="20210620 20:09:29.775"/>
</kw>
<kw name="Click Element" library="AppiumLibrary">
<arg>${SKIP_BTN}</arg>
<doc>Click element identified by `locator`.</doc>
<status status="NOT RUN" starttime="20210620 20:09:29.775" endtime="20210620 20:09:29.775"/>
</kw>
<status status="FAIL" starttime="20210620 20:08:59.089" endtime="20210620 20:09:29.776"/>
</kw>
<status status="FAIL" starttime="20210620 20:08:29.300" endtime="20210620 20:09:29.777">InvalidElementStateException: Message: Cannot set the element to 'thiagotestemobile@gmail.com'. Did you interact with the correct element?
</status>
</test>
<doc>automatizando app do youtube (PrimeExperts)</doc>
<status status="FAIL" starttime="20210620 20:08:29.003" endtime="20210620 20:09:29.782"/>
</suite>
<statistics>
<total>
<stat pass="0" fail="1" skip="0">All Tests</stat>
</total>
<tag>
</tag>
<suite>
<stat pass="0" fail="1" skip="0" id="s1" name="Desafio Mobile">Desafio Mobile</stat>
</suite>
</statistics>
<errors>
</errors>
</robot>
