<?xml version="1.0" encoding="UTF-8"?>
<robot generator="Robot 4.0.3 (Python 3.9.5 on win32)" generated="20210621 16:52:54.420" rpa="false" schemaversion="2">
<suite id="s1" name="Desafio Mobile" source="C:\Users\TAKA\Documents\Docs - Thiago\Cursos\PrimeExpert\prime_experts_jun2021\desafio_mobile\desafio_mobile.robot">
<test id="s1-t1" name="Test Case 03: Use Swipe metod on screen">
<kw name="Open Youtube" library="resourcesMobile">
<kw name="Open Application" library="AppiumLibrary">
<arg>${REMOTE_URL}</arg>
<arg>platformName=${PLATFORM_NAME}</arg>
<arg>platformVersion=${PLATFORM_VERSION}</arg>
<arg>deviceName=${DEVICE_NAME}</arg>
<arg>appPackage=${APP_PACKAGE}</arg>
<arg>appActivity=${APP_ACTIVITY}</arg>
<arg>automationName=${AUTOMATION_NAME}</arg>
<doc>Opens a new application to given Appium server.
Capabilities of appium server, Android and iOS,
Please check https://github.com/appium/appium/blob/master/docs/en/writing-running-appium/server-args.md
| *Option*            | *Man.* | *Description*     |
| remote_url          | Yes    | Appium server url |
| alias               | no     | alias             |</doc>
<status status="PASS" starttime="20210621 16:52:54.740" endtime="20210621 16:53:26.120"/>
</kw>
<kw name="Wait Until Page Contains Element" library="AppiumLibrary">
<arg>${BANNER_ICON}</arg>
<arg>20</arg>
<doc>Waits until element specified with `locator` appears on current page.</doc>
<status status="PASS" starttime="20210621 16:53:26.120" endtime="20210621 16:53:32.561"/>
</kw>
<status status="PASS" starttime="20210621 16:52:54.739" endtime="20210621 16:53:32.562"/>
</kw>
<kw name="Navigate Trending" library="resourcesMobile">
<kw name="Click Element" library="AppiumLibrary">
<arg>${TRENDING_BTN}</arg>
<doc>Click element identified by `locator`.</doc>
<msg timestamp="20210621 16:53:32.582" level="INFO">Clicking element 'accessibility_id=Trending'.</msg>
<status status="PASS" starttime="20210621 16:53:32.563" endtime="20210621 16:53:37.013"/>
</kw>
<kw name="Sleep" library="BuiltIn">
<arg>2S</arg>
<doc>Pauses the test executed for the given time.</doc>
<msg timestamp="20210621 16:53:39.014" level="INFO">Slept 2 seconds</msg>
<status status="PASS" starttime="20210621 16:53:37.014" endtime="20210621 16:53:39.014"/>
</kw>
<status status="PASS" starttime="20210621 16:53:32.562" endtime="20210621 16:53:39.014"/>
</kw>
<kw name="Swipe until the tenth item on screen" library="resourcesMobile">
<kw name="Sleep" library="BuiltIn">
<arg>2s</arg>
<doc>Pauses the test executed for the given time.</doc>
<msg timestamp="20210621 16:53:41.021" level="INFO">Slept 2 seconds</msg>
<status status="PASS" starttime="20210621 16:53:39.020" endtime="20210621 16:53:41.021"/>
</kw>
<kw name="Swipe" library="AppiumLibrary">
<arg>530</arg>
<arg>1060</arg>
<arg>550</arg>
<arg>110</arg>
<doc>Swipe from one point to another point, for an optional duration.</doc>
<status status="PASS" starttime="20210621 16:53:41.022" endtime="20210621 16:53:43.718"/>
</kw>
<kw name="Sleep" library="BuiltIn">
<arg>1s</arg>
<doc>Pauses the test executed for the given time.</doc>
<msg timestamp="20210621 16:53:44.721" level="INFO">Slept 1 second</msg>
<status status="PASS" starttime="20210621 16:53:43.719" endtime="20210621 16:53:44.721"/>
</kw>
<kw name="Swipe" library="AppiumLibrary">
<arg>530</arg>
<arg>1060</arg>
<arg>550</arg>
<arg>110</arg>
<doc>Swipe from one point to another point, for an optional duration.</doc>
<status status="PASS" starttime="20210621 16:53:44.721" endtime="20210621 16:53:48.207"/>
</kw>
<kw name="Sleep" library="BuiltIn">
<arg>1s</arg>
<doc>Pauses the test executed for the given time.</doc>
<msg timestamp="20210621 16:53:49.209" level="INFO">Slept 1 second</msg>
<status status="PASS" starttime="20210621 16:53:48.207" endtime="20210621 16:53:49.209"/>
</kw>
<kw name="Swipe" library="AppiumLibrary">
<arg>530</arg>
<arg>1060</arg>
<arg>550</arg>
<arg>110</arg>
<doc>Swipe from one point to another point, for an optional duration.</doc>
<status status="PASS" starttime="20210621 16:53:49.209" endtime="20210621 16:53:51.845"/>
</kw>
<kw name="Sleep" library="BuiltIn">
<arg>1s</arg>
<doc>Pauses the test executed for the given time.</doc>
<msg timestamp="20210621 16:53:52.847" level="INFO">Slept 1 second</msg>
<status status="PASS" starttime="20210621 16:53:51.845" endtime="20210621 16:53:52.847"/>
</kw>
<kw name="Swipe" library="AppiumLibrary">
<arg>530</arg>
<arg>1060</arg>
<arg>550</arg>
<arg>110</arg>
<doc>Swipe from one point to another point, for an optional duration.</doc>
<status status="PASS" starttime="20210621 16:53:52.847" endtime="20210621 16:53:55.332"/>
</kw>
<kw name="Sleep" library="BuiltIn">
<arg>1s</arg>
<doc>Pauses the test executed for the given time.</doc>
<msg timestamp="20210621 16:53:56.333" level="INFO">Slept 1 second</msg>
<status status="PASS" starttime="20210621 16:53:55.332" endtime="20210621 16:53:56.333"/>
</kw>
<kw name="Swipe" library="AppiumLibrary">
<arg>530</arg>
<arg>1060</arg>
<arg>550</arg>
<arg>110</arg>
<doc>Swipe from one point to another point, for an optional duration.</doc>
<status status="PASS" starttime="20210621 16:53:56.333" endtime="20210621 16:53:58.744"/>
</kw>
<kw name="Sleep" library="BuiltIn">
<arg>1s</arg>
<doc>Pauses the test executed for the given time.</doc>
<msg timestamp="20210621 16:53:59.746" level="INFO">Slept 1 second</msg>
<status status="PASS" starttime="20210621 16:53:58.744" endtime="20210621 16:53:59.746"/>
</kw>
<kw name="Swipe" library="AppiumLibrary">
<arg>530</arg>
<arg>1060</arg>
<arg>550</arg>
<arg>110</arg>
<doc>Swipe from one point to another point, for an optional duration.</doc>
<status status="PASS" starttime="20210621 16:53:59.746" endtime="20210621 16:54:02.112"/>
</kw>
<kw name="Sleep" library="BuiltIn">
<arg>1s</arg>
<doc>Pauses the test executed for the given time.</doc>
<msg timestamp="20210621 16:54:03.113" level="INFO">Slept 1 second</msg>
<status status="PASS" starttime="20210621 16:54:02.112" endtime="20210621 16:54:03.113"/>
</kw>
<status status="PASS" starttime="20210621 16:53:39.020" endtime="20210621 16:54:03.113"/>
</kw>
<kw name="Select the tenth video" library="resourcesMobile">
<kw name="Click Element" library="AppiumLibrary">
<arg>${10THVIDEO}</arg>
<doc>Click element identified by `locator`.</doc>
<msg timestamp="20210621 16:54:03.117" level="INFO">Clicking element 'xpath=//android.view.ViewGroup[@content-desc="Sodium metal is soft and squishy - 38 seconds - Go to channel - NileRed Shorts - 2.4M views - 2 days ago - play video"]'.</msg>
<status status="PASS" starttime="20210621 16:54:03.114" endtime="20210621 16:54:03.656"/>
</kw>
<status status="PASS" starttime="20210621 16:54:03.114" endtime="20210621 16:54:03.657"/>
</kw>
<status status="PASS" starttime="20210621 16:52:54.739" endtime="20210621 16:54:03.657"/>
</test>
<doc>automatizando app do youtube (PrimeExperts)</doc>
<status status="PASS" starttime="20210621 16:52:54.422" endtime="20210621 16:54:03.659"/>
</suite>
<statistics>
<total>
<stat pass="1" fail="0" skip="0">All Tests</stat>
</total>
<tag>
</tag>
<suite>
<stat pass="1" fail="0" skip="0" id="s1" name="Desafio Mobile">Desafio Mobile</stat>
</suite>
</statistics>
<errors>
</errors>
</robot>
