<?xml version="1.0" encoding="UTF-8"?>
<robot generator="Robot 4.0.3 (Python 3.9.5 on win32)" generated="20210615 19:50:00.699" rpa="false" schemaversion="2">
<suite id="s1" name="Criar Email" source="C:\Users\TAKA\Documents\Docs - Thiago\Cursos\PrimeExpert\prime_experts_jun2021\criar_email\criar_email.robot">
<test id="s1-t1" name="Criar um email com nome e sobrenome">
<kw name="Criar e-mail com nome">
<var>${EMAIL}</var>
<arg>${PESSOA.nome}</arg>
<arg>${PESSOA.sobrenome}</arg>
<arg>${PESSOA.idade}</arg>
<msg timestamp="20210615 19:50:00.760" level="INFO">${EMAIL} = thiago_taka_31@robot.com</msg>
<status status="PASS" starttime="20210615 19:50:00.752" endtime="20210615 19:50:00.760"/>
</kw>
<kw name="Log To Console" library="BuiltIn">
<arg>O email criado é: ${EMAIL}</arg>
<doc>Logs the given message to the console.</doc>
<status status="PASS" starttime="20210615 19:50:00.761" endtime="20210615 19:50:00.761"/>
</kw>
<status status="PASS" starttime="20210615 19:50:00.751" endtime="20210615 19:50:00.762"/>
</test>
<doc>Teste de criar e-mail nome_sobrenome_idade@robot.com</doc>
<status status="PASS" starttime="20210615 19:50:00.702" endtime="20210615 19:50:00.765"/>
</suite>
<statistics>
<total>
<stat pass="1" fail="0" skip="0">All Tests</stat>
</total>
<tag>
</tag>
<suite>
<stat pass="1" fail="0" skip="0" id="s1" name="Criar Email">Criar Email</stat>
</suite>
</statistics>
<errors>
</errors>
</robot>
