<?xml version="1.0" encoding="UTF-8"?>
<robot generator="Robot 4.0.3 (Python 3.9.5 on win32)" generated="20210615 20:57:44.264" rpa="false" schemaversion="2">
<suite id="s1" name="Exercicio For" source="C:\Users\TAKA\Documents\Docs - Thiago\Cursos\PrimeExpert\prime_experts_jun2021\FOR\exercicio_for.robot">
<test id="s1-t1" name="Imprimir frase">
<kw name="Imprimir frase de 0 a 11" sourcename="Imprimir frase de ${A} a ${B}">
<for flavor="IN RANGE">
<var>${numero}</var>
<value>${A}</value>
<value>${B}</value>
<iter>
<var name="${numero}">0</var>
<kw name="Log To Console" library="BuiltIn">
<arg>${\n}Estou no número: ${numero}!</arg>
<doc>Logs the given message to the console.</doc>
<status status="PASS" starttime="20210615 20:57:44.305" endtime="20210615 20:57:44.307"/>
</kw>
<status status="PASS" starttime="20210615 20:57:44.305" endtime="20210615 20:57:44.307"/>
</iter>
<iter>
<var name="${numero}">1</var>
<kw name="Log To Console" library="BuiltIn">
<arg>${\n}Estou no número: ${numero}!</arg>
<doc>Logs the given message to the console.</doc>
<status status="PASS" starttime="20210615 20:57:44.307" endtime="20210615 20:57:44.308"/>
</kw>
<status status="PASS" starttime="20210615 20:57:44.307" endtime="20210615 20:57:44.308"/>
</iter>
<iter>
<var name="${numero}">2</var>
<kw name="Log To Console" library="BuiltIn">
<arg>${\n}Estou no número: ${numero}!</arg>
<doc>Logs the given message to the console.</doc>
<status status="PASS" starttime="20210615 20:57:44.308" endtime="20210615 20:57:44.309"/>
</kw>
<status status="PASS" starttime="20210615 20:57:44.308" endtime="20210615 20:57:44.309"/>
</iter>
<iter>
<var name="${numero}">3</var>
<kw name="Log To Console" library="BuiltIn">
<arg>${\n}Estou no número: ${numero}!</arg>
<doc>Logs the given message to the console.</doc>
<status status="PASS" starttime="20210615 20:57:44.309" endtime="20210615 20:57:44.310"/>
</kw>
<status status="PASS" starttime="20210615 20:57:44.309" endtime="20210615 20:57:44.310"/>
</iter>
<iter>
<var name="${numero}">4</var>
<kw name="Log To Console" library="BuiltIn">
<arg>${\n}Estou no número: ${numero}!</arg>
<doc>Logs the given message to the console.</doc>
<status status="PASS" starttime="20210615 20:57:44.310" endtime="20210615 20:57:44.311"/>
</kw>
<status status="PASS" starttime="20210615 20:57:44.310" endtime="20210615 20:57:44.311"/>
</iter>
<iter>
<var name="${numero}">5</var>
<kw name="Log To Console" library="BuiltIn">
<arg>${\n}Estou no número: ${numero}!</arg>
<doc>Logs the given message to the console.</doc>
<status status="PASS" starttime="20210615 20:57:44.311" endtime="20210615 20:57:44.312"/>
</kw>
<status status="PASS" starttime="20210615 20:57:44.311" endtime="20210615 20:57:44.312"/>
</iter>
<iter>
<var name="${numero}">6</var>
<kw name="Log To Console" library="BuiltIn">
<arg>${\n}Estou no número: ${numero}!</arg>
<doc>Logs the given message to the console.</doc>
<status status="PASS" starttime="20210615 20:57:44.313" endtime="20210615 20:57:44.314"/>
</kw>
<status status="PASS" starttime="20210615 20:57:44.312" endtime="20210615 20:57:44.314"/>
</iter>
<iter>
<var name="${numero}">7</var>
<kw name="Log To Console" library="BuiltIn">
<arg>${\n}Estou no número: ${numero}!</arg>
<doc>Logs the given message to the console.</doc>
<status status="PASS" starttime="20210615 20:57:44.314" endtime="20210615 20:57:44.315"/>
</kw>
<status status="PASS" starttime="20210615 20:57:44.314" endtime="20210615 20:57:44.315"/>
</iter>
<iter>
<var name="${numero}">8</var>
<kw name="Log To Console" library="BuiltIn">
<arg>${\n}Estou no número: ${numero}!</arg>
<doc>Logs the given message to the console.</doc>
<status status="PASS" starttime="20210615 20:57:44.315" endtime="20210615 20:57:44.316"/>
</kw>
<status status="PASS" starttime="20210615 20:57:44.315" endtime="20210615 20:57:44.316"/>
</iter>
<iter>
<var name="${numero}">9</var>
<kw name="Log To Console" library="BuiltIn">
<arg>${\n}Estou no número: ${numero}!</arg>
<doc>Logs the given message to the console.</doc>
<status status="PASS" starttime="20210615 20:57:44.316" endtime="20210615 20:57:44.316"/>
</kw>
<status status="PASS" starttime="20210615 20:57:44.316" endtime="20210615 20:57:44.316"/>
</iter>
<iter>
<var name="${numero}">10</var>
<kw name="Log To Console" library="BuiltIn">
<arg>${\n}Estou no número: ${numero}!</arg>
<doc>Logs the given message to the console.</doc>
<status status="PASS" starttime="20210615 20:57:44.317" endtime="20210615 20:57:44.317"/>
</kw>
<status status="PASS" starttime="20210615 20:57:44.317" endtime="20210615 20:57:44.317"/>
</iter>
<status status="PASS" starttime="20210615 20:57:44.304" endtime="20210615 20:57:44.317"/>
</for>
<status status="PASS" starttime="20210615 20:57:44.303" endtime="20210615 20:57:44.318"/>
</kw>
<status status="PASS" starttime="20210615 20:57:44.302" endtime="20210615 20:57:44.318"/>
</test>
<test id="s1-t2" name="Imprimir Paises">
<kw name="Imprimir uma lista de Paises">
<for flavor="IN">
<var>${Paises}</var>
<value>@{Paises}</value>
<iter>
<var name="${Paises}">Brasil</var>
<kw name="Log To Console" library="BuiltIn">
<arg>${\n}A fruta da vez é: ${Paises}</arg>
<doc>Logs the given message to the console.</doc>
<status status="PASS" starttime="20210615 20:57:44.320" endtime="20210615 20:57:44.320"/>
</kw>
<status status="PASS" starttime="20210615 20:57:44.320" endtime="20210615 20:57:44.320"/>
</iter>
<iter>
<var name="${Paises}">Alemanha</var>
<kw name="Log To Console" library="BuiltIn">
<arg>${\n}A fruta da vez é: ${Paises}</arg>
<doc>Logs the given message to the console.</doc>
<status status="PASS" starttime="20210615 20:57:44.321" endtime="20210615 20:57:44.321"/>
</kw>
<status status="PASS" starttime="20210615 20:57:44.321" endtime="20210615 20:57:44.321"/>
</iter>
<iter>
<var name="${Paises}">EUA</var>
<kw name="Log To Console" library="BuiltIn">
<arg>${\n}A fruta da vez é: ${Paises}</arg>
<doc>Logs the given message to the console.</doc>
<status status="PASS" starttime="20210615 20:57:44.321" endtime="20210615 20:57:44.322"/>
</kw>
<status status="PASS" starttime="20210615 20:57:44.321" endtime="20210615 20:57:44.322"/>
</iter>
<iter>
<var name="${Paises}">Emirados Arabes</var>
<kw name="Log To Console" library="BuiltIn">
<arg>${\n}A fruta da vez é: ${Paises}</arg>
<doc>Logs the given message to the console.</doc>
<status status="PASS" starttime="20210615 20:57:44.322" endtime="20210615 20:57:44.323"/>
</kw>
<status status="PASS" starttime="20210615 20:57:44.322" endtime="20210615 20:57:44.323"/>
</iter>
<iter>
<var name="${Paises}">Canada</var>
<kw name="Log To Console" library="BuiltIn">
<arg>${\n}A fruta da vez é: ${Paises}</arg>
<doc>Logs the given message to the console.</doc>
<status status="PASS" starttime="20210615 20:57:44.323" endtime="20210615 20:57:44.325"/>
</kw>
<status status="PASS" starttime="20210615 20:57:44.323" endtime="20210615 20:57:44.325"/>
</iter>
<status status="PASS" starttime="20210615 20:57:44.320" endtime="20210615 20:57:44.325"/>
</for>
<status status="PASS" starttime="20210615 20:57:44.319" endtime="20210615 20:57:44.325"/>
</kw>
<status status="PASS" starttime="20210615 20:57:44.319" endtime="20210615 20:57:44.326"/>
</test>
<doc>Exercício for</doc>
<status status="PASS" starttime="20210615 20:57:44.266" endtime="20210615 20:57:44.329"/>
</suite>
<statistics>
<total>
<stat pass="2" fail="0" skip="0">All Tests</stat>
</total>
<tag>
</tag>
<suite>
<stat pass="2" fail="0" skip="0" id="s1" name="Exercicio For">Exercicio For</stat>
</suite>
</statistics>
<errors>
</errors>
</robot>
