<?xml version="1.0" encoding="UTF-8"?>
<robot generator="Robot 4.0.3 (Python 3.9.5 on win32)" generated="20210615 20:48:47.108" rpa="false" schemaversion="2">
<suite id="s1" name="For" source="C:\Users\TAKA\Documents\Docs - Thiago\Cursos\PrimeExpert\prime_experts_jun2021\FOR\for.robot">
<test id="s1-t1" name="Teste do FOR IN (para percorrer listas)">
<kw name="Imprimir uma lista">
<for flavor="IN">
<var>${FRUTAS}</var>
<value>@{FRUTAS}</value>
<iter>
<var name="${FRUTAS}">banana</var>
<kw name="Log To Console" library="BuiltIn">
<arg>${\n}A fruta da vez é: ${FRUTAS}</arg>
<doc>Logs the given message to the console.</doc>
<status status="PASS" starttime="20210615 20:48:47.145" endtime="20210615 20:48:47.145"/>
</kw>
<status status="PASS" starttime="20210615 20:48:47.144" endtime="20210615 20:48:47.145"/>
</iter>
<iter>
<var name="${FRUTAS}">maça</var>
<kw name="Log To Console" library="BuiltIn">
<arg>${\n}A fruta da vez é: ${FRUTAS}</arg>
<doc>Logs the given message to the console.</doc>
<status status="PASS" starttime="20210615 20:48:47.145" endtime="20210615 20:48:47.146"/>
</kw>
<status status="PASS" starttime="20210615 20:48:47.145" endtime="20210615 20:48:47.146"/>
</iter>
<iter>
<var name="${FRUTAS}">uva</var>
<kw name="Log To Console" library="BuiltIn">
<arg>${\n}A fruta da vez é: ${FRUTAS}</arg>
<doc>Logs the given message to the console.</doc>
<status status="PASS" starttime="20210615 20:48:47.146" endtime="20210615 20:48:47.147"/>
</kw>
<status status="PASS" starttime="20210615 20:48:47.146" endtime="20210615 20:48:47.147"/>
</iter>
<iter>
<var name="${FRUTAS}">pera</var>
<kw name="Log To Console" library="BuiltIn">
<arg>${\n}A fruta da vez é: ${FRUTAS}</arg>
<doc>Logs the given message to the console.</doc>
<status status="PASS" starttime="20210615 20:48:47.147" endtime="20210615 20:48:47.147"/>
</kw>
<status status="PASS" starttime="20210615 20:48:47.147" endtime="20210615 20:48:47.147"/>
</iter>
<iter>
<var name="${FRUTAS}">laranja</var>
<kw name="Log To Console" library="BuiltIn">
<arg>${\n}A fruta da vez é: ${FRUTAS}</arg>
<doc>Logs the given message to the console.</doc>
<status status="PASS" starttime="20210615 20:48:47.147" endtime="20210615 20:48:47.148"/>
</kw>
<status status="PASS" starttime="20210615 20:48:47.147" endtime="20210615 20:48:47.148"/>
</iter>
<status status="PASS" starttime="20210615 20:48:47.143" endtime="20210615 20:48:47.148"/>
</for>
<status status="PASS" starttime="20210615 20:48:47.143" endtime="20210615 20:48:47.148"/>
</kw>
<status status="PASS" starttime="20210615 20:48:47.142" endtime="20210615 20:48:47.149"/>
</test>
<doc>Teste de Loops</doc>
<status status="PASS" starttime="20210615 20:48:47.110" endtime="20210615 20:48:47.150"/>
</suite>
<statistics>
<total>
<stat pass="1" fail="0" skip="0">All Tests</stat>
</total>
<tag>
</tag>
<suite>
<stat pass="1" fail="0" skip="0" id="s1" name="For">For</stat>
</suite>
</statistics>
<errors>
</errors>
</robot>
