<?xml version="1.0" encoding="UTF-8"?>
<robot generator="Robot 4.0.3 (Python 3.9.5 on win32)" generated="20210615 20:11:23.523" rpa="false" schemaversion="2">
<suite id="s1" name="Argumentos Retornos" source="C:\Users\TAKA\Documents\Docs - Thiago\Cursos\PrimeExpert\prime_experts_jun2021\argumentos_retornos\argumentos_retornos.robot">
<test id="s1-t1" name="Teste de somar dois números">
<kw name="Somar dois números">
<var>${RESULTADO_SOMA}</var>
<arg>1</arg>
<arg>2</arg>
<kw name="Log To Console" library="BuiltIn">
<arg>${\n}Estou somando os números: ${NUM_A}+${NUM_B}</arg>
<doc>Logs the given message to the console.</doc>
<status status="PASS" starttime="20210615 20:11:23.562" endtime="20210615 20:11:23.562"/>
</kw>
<kw name="Evaluate" library="BuiltIn">
<var>${RESULTADO}</var>
<arg>${NUM_A}+${NUM_B}</arg>
<doc>Evaluates the given expression in Python and returns the result.</doc>
<msg timestamp="20210615 20:11:23.563" level="INFO">${RESULTADO} = 3</msg>
<status status="PASS" starttime="20210615 20:11:23.563" endtime="20210615 20:11:23.563"/>
</kw>
<kw name="Log To Console" library="BuiltIn">
<arg>O resultado é: ${RESULTADO}</arg>
<doc>Logs the given message to the console.</doc>
<status status="PASS" starttime="20210615 20:11:23.563" endtime="20210615 20:11:23.564"/>
</kw>
<msg timestamp="20210615 20:11:23.564" level="INFO">${RESULTADO_SOMA} = 3</msg>
<status status="PASS" starttime="20210615 20:11:23.560" endtime="20210615 20:11:23.564"/>
</kw>
<kw name="Log To Console" library="BuiltIn">
<arg>O resultado da soma é: ${RESULTADO_SOMA}</arg>
<doc>Logs the given message to the console.</doc>
<status status="PASS" starttime="20210615 20:11:23.564" endtime="20210615 20:11:23.565"/>
</kw>
<kw name="Somar dois números">
<var>${RESULTADO_SOMA}</var>
<arg>3</arg>
<arg>4</arg>
<kw name="Log To Console" library="BuiltIn">
<arg>${\n}Estou somando os números: ${NUM_A}+${NUM_B}</arg>
<doc>Logs the given message to the console.</doc>
<status status="PASS" starttime="20210615 20:11:23.565" endtime="20210615 20:11:23.566"/>
</kw>
<kw name="Evaluate" library="BuiltIn">
<var>${RESULTADO}</var>
<arg>${NUM_A}+${NUM_B}</arg>
<doc>Evaluates the given expression in Python and returns the result.</doc>
<msg timestamp="20210615 20:11:23.566" level="INFO">${RESULTADO} = 7</msg>
<status status="PASS" starttime="20210615 20:11:23.566" endtime="20210615 20:11:23.566"/>
</kw>
<kw name="Log To Console" library="BuiltIn">
<arg>O resultado é: ${RESULTADO}</arg>
<doc>Logs the given message to the console.</doc>
<status status="PASS" starttime="20210615 20:11:23.566" endtime="20210615 20:11:23.567"/>
</kw>
<msg timestamp="20210615 20:11:23.567" level="INFO">${RESULTADO_SOMA} = 7</msg>
<status status="PASS" starttime="20210615 20:11:23.565" endtime="20210615 20:11:23.567"/>
</kw>
<kw name="Log To Console" library="BuiltIn">
<arg>O resultado da soma é: ${RESULTADO_SOMA}</arg>
<doc>Logs the given message to the console.</doc>
<status status="PASS" starttime="20210615 20:11:23.568" endtime="20210615 20:11:23.568"/>
</kw>
<status status="PASS" starttime="20210615 20:11:23.560" endtime="20210615 20:11:23.568"/>
</test>
<test id="s1-t2" name="Teste de somar dois números embutidos">
<kw name="Somar os números &quot;3&quot; e &quot;4&quot;" sourcename="Somar os números &quot;${NUM_A}&quot; e &quot;${NUM_B}&quot;">
<var>${RESULTADO_SOMA}</var>
<kw name="Log To Console" library="BuiltIn">
<arg>${\n}Estou somando os números embutidos: ${NUM_A}+${NUM_B}</arg>
<doc>Logs the given message to the console.</doc>
<status status="PASS" starttime="20210615 20:11:23.570" endtime="20210615 20:11:23.571"/>
</kw>
<kw name="Evaluate" library="BuiltIn">
<var>${RESULTADO}</var>
<arg>${NUM_A}+${NUM_B}</arg>
<doc>Evaluates the given expression in Python and returns the result.</doc>
<msg timestamp="20210615 20:11:23.572" level="INFO">${RESULTADO} = 7</msg>
<status status="PASS" starttime="20210615 20:11:23.571" endtime="20210615 20:11:23.572"/>
</kw>
<kw name="Log To Console" library="BuiltIn">
<arg>O resultado é: ${RESULTADO}</arg>
<doc>Logs the given message to the console.</doc>
<status status="PASS" starttime="20210615 20:11:23.572" endtime="20210615 20:11:23.572"/>
</kw>
<msg timestamp="20210615 20:11:23.573" level="INFO">${RESULTADO_SOMA} = 7</msg>
<status status="PASS" starttime="20210615 20:11:23.570" endtime="20210615 20:11:23.573"/>
</kw>
<kw name="Log To Console" library="BuiltIn">
<arg>O resultado da soma é: ${RESULTADO_SOMA}</arg>
<doc>Logs the given message to the console.</doc>
<status status="PASS" starttime="20210615 20:11:23.573" endtime="20210615 20:11:23.573"/>
</kw>
<status status="PASS" starttime="20210615 20:11:23.569" endtime="20210615 20:11:23.574"/>
</test>
<doc>Testes de argumentos que trazem retornos como resultado</doc>
<status status="PASS" starttime="20210615 20:11:23.526" endtime="20210615 20:11:23.575"/>
</suite>
<statistics>
<total>
<stat pass="2" fail="0" skip="0">All Tests</stat>
</total>
<tag>
</tag>
<suite>
<stat pass="2" fail="0" skip="0" id="s1" name="Argumentos Retornos">Argumentos Retornos</stat>
</suite>
</statistics>
<errors>
</errors>
</robot>
