<?xml version="1.0" encoding="UTF-8"?>
<robot generator="Robot 4.0.3 (Python 3.9.5 on win32)" generated="20210615 19:35:00.722" rpa="false" schemaversion="2">
<suite id="s1" name="Argumentos Retornos" source="C:\Users\TAKA\Documents\Docs - Thiago\Cursos\PrimeExpert\prime_experts_jun2021\argumentos_retornos\argumentos_retornos.robot">
<test id="s1-t1" name="Teste de somar dois números">
<kw name="Somar dois números">
<var>${RESULTADO_SOMA}</var>
<arg>1</arg>
<arg>2</arg>
<kw name="Log To Console" library="BuiltIn">
<arg>${\n}Estou somando os números: ${NUM_A}+${NUM_B}</arg>
<doc>Logs the given message to the console.</doc>
<status status="PASS" starttime="20210615 19:35:00.759" endtime="20210615 19:35:00.760"/>
</kw>
<kw name="Evaluate" library="BuiltIn">
<var>${RESULTADO}</var>
<arg>${NUM_A}+${NUM_B}</arg>
<doc>Evaluates the given expression in Python and returns the result.</doc>
<msg timestamp="20210615 19:35:00.760" level="INFO">${RESULTADO} = 3</msg>
<status status="PASS" starttime="20210615 19:35:00.760" endtime="20210615 19:35:00.760"/>
</kw>
<kw name="Log To Console" library="BuiltIn">
<arg>O resultado é: ${RESULTADO}</arg>
<doc>Logs the given message to the console.</doc>
<status status="PASS" starttime="20210615 19:35:00.760" endtime="20210615 19:35:00.761"/>
</kw>
<msg timestamp="20210615 19:35:00.761" level="INFO">${RESULTADO_SOMA} = 3</msg>
<status status="PASS" starttime="20210615 19:35:00.758" endtime="20210615 19:35:00.761"/>
</kw>
<kw name="Log To Console" library="BuiltIn">
<arg>O resultado da soma é</arg>
<arg>${RESULTADO_SOMA}</arg>
<doc>Logs the given message to the console.</doc>
<msg timestamp="20210615 19:35:00.762" level="FAIL">AttributeError: 'int' object has no attribute 'lower'</msg>
<status status="FAIL" starttime="20210615 19:35:00.761" endtime="20210615 19:35:00.762"/>
</kw>
<kw name="Somar dois números">
<var>${RESULTADO_SOMA}</var>
<arg>3</arg>
<arg>4</arg>
<status status="NOT RUN" starttime="20210615 19:35:00.762" endtime="20210615 19:35:00.763"/>
</kw>
<kw name="Log To Console" library="BuiltIn">
<arg>O resultado da soma é</arg>
<arg>${RESULTADO_SOMA}</arg>
<doc>Logs the given message to the console.</doc>
<status status="NOT RUN" starttime="20210615 19:35:00.763" endtime="20210615 19:35:00.763"/>
</kw>
<status status="FAIL" starttime="20210615 19:35:00.758" endtime="20210615 19:35:00.763">AttributeError: 'int' object has no attribute 'lower'</status>
</test>
<test id="s1-t2" name="Teste de somar dois números embutidos">
<kw name="Somar os números &quot;3&quot; e &quot;4&quot;" sourcename="Somar os números &quot;${NUM_A}&quot; e &quot;${NUM_B}&quot;">
<var>${RESULTADO_SOMA}</var>
<kw name="Log To Console" library="BuiltIn">
<arg>${\n}Estou somando os números embutidos: ${NUM_A}+${NUM_B}</arg>
<doc>Logs the given message to the console.</doc>
<status status="PASS" starttime="20210615 19:35:00.766" endtime="20210615 19:35:00.767"/>
</kw>
<kw name="Evaluate" library="BuiltIn">
<var>${RESULTADO}</var>
<arg>${NUM_A}+${NUM_B}</arg>
<doc>Evaluates the given expression in Python and returns the result.</doc>
<msg timestamp="20210615 19:35:00.768" level="INFO">${RESULTADO} = 7</msg>
<status status="PASS" starttime="20210615 19:35:00.767" endtime="20210615 19:35:00.768"/>
</kw>
<kw name="Log To Console" library="BuiltIn">
<arg>O resultado é: ${RESULTADO}</arg>
<doc>Logs the given message to the console.</doc>
<status status="PASS" starttime="20210615 19:35:00.768" endtime="20210615 19:35:00.769"/>
</kw>
<msg timestamp="20210615 19:35:00.770" level="INFO">${RESULTADO_SOMA} = 7</msg>
<status status="PASS" starttime="20210615 19:35:00.765" endtime="20210615 19:35:00.770"/>
</kw>
<kw name="Log To Console" library="BuiltIn">
<arg>O resultado da soma é</arg>
<arg>${RESULTADO_SOMA}</arg>
<doc>Logs the given message to the console.</doc>
<msg timestamp="20210615 19:35:00.771" level="FAIL">AttributeError: 'int' object has no attribute 'lower'</msg>
<status status="FAIL" starttime="20210615 19:35:00.771" endtime="20210615 19:35:00.771"/>
</kw>
<status status="FAIL" starttime="20210615 19:35:00.764" endtime="20210615 19:35:00.772">AttributeError: 'int' object has no attribute 'lower'</status>
</test>
<doc>Testes de argumentos que trazem retornos como resultado</doc>
<status status="FAIL" starttime="20210615 19:35:00.725" endtime="20210615 19:35:00.774"/>
</suite>
<statistics>
<total>
<stat pass="0" fail="2" skip="0">All Tests</stat>
</total>
<tag>
</tag>
<suite>
<stat pass="0" fail="2" skip="0" id="s1" name="Argumentos Retornos">Argumentos Retornos</stat>
</suite>
</statistics>
<errors>
</errors>
</robot>
