<?xml version="1.0" encoding="UTF-8"?>
<robot generator="Robot 4.0.3 (Python 3.9.5 on win32)" generated="20210616 19:51:05.330" rpa="false" schemaversion="2">
<suite id="s1" name="suiteWebTesting" source="C:\Users\TAKA\Documents\Docs - Thiago\Cursos\PrimeExpert\prime_experts_jun2021\web_testing\suiteWebTesting.robot">
<kw name="Abrir o navegador" library="resourceWebTesting" type="SETUP">
<kw name="Open Browser" library="SeleniumLibrary">
<arg>browser=chrome</arg>
<doc>Opens a new browser instance to the optional ``url``.</doc>
<msg timestamp="20210616 19:51:05.756" level="INFO">Opening browser 'chrome' to base url 'None'.</msg>
<status status="PASS" starttime="20210616 19:51:05.755" endtime="20210616 19:51:07.906"/>
</kw>
<status status="PASS" starttime="20210616 19:51:05.755" endtime="20210616 19:51:07.907"/>
</kw>
<test id="s1-t1" name="Caso de Teste 01: Pesquisar produto existente">
<kw name="Acessar a página home do site Automation Practice" library="resourceWebTesting">
<kw name="Go To" library="SeleniumLibrary">
<arg>${URL}</arg>
<doc>Navigates the current browser window to the provided ``url``.</doc>
<msg timestamp="20210616 19:51:07.981" level="INFO">Opening url 'http://automationpractice.com/index.php'</msg>
<status status="PASS" starttime="20210616 19:51:07.955" endtime="20210616 19:51:18.064"/>
</kw>
<kw name="Wait Until Element Is Visible" library="SeleniumLibrary">
<arg>xpath=//img[contains(@class,'logo img-responsive')]</arg>
<doc>Waits until the element ``locator`` is visible.</doc>
<status status="PASS" starttime="20210616 19:51:18.064" endtime="20210616 19:51:18.111"/>
</kw>
<status status="PASS" starttime="20210616 19:51:07.954" endtime="20210616 19:51:18.111"/>
</kw>
<kw name="Digitar o nome do produto &quot;Blouse&quot; no campo pesquisar" library="resourceWebTesting" sourcename="Digitar o nome do produto &quot;${PRODUTO}&quot; no campo pesquisar">
<kw name="Input Text" library="SeleniumLibrary">
<arg>xpath=//input[@class='search_query form-control ac_input'][contains(@id,'top')]</arg>
<arg>${PRODUTO}</arg>
<doc>Types the given ``text`` into the text field identified by ``locator``.</doc>
<msg timestamp="20210616 19:51:18.117" level="INFO">Typing text 'Blouse' into text field 'xpath=//input[@class='search_query form-control ac_input'][contains(@id,'top')]'.</msg>
<status status="PASS" starttime="20210616 19:51:18.114" endtime="20210616 19:51:18.272"/>
</kw>
<status status="PASS" starttime="20210616 19:51:18.112" endtime="20210616 19:51:18.273"/>
</kw>
<kw name="Clicar no botão pesquisar" library="resourceWebTesting">
<kw name="Click Button" library="SeleniumLibrary">
<arg>name=submit_search</arg>
<doc>Clicks the button identified by ``locator``.</doc>
<msg timestamp="20210616 19:51:18.274" level="INFO">Clicking button 'name=submit_search'.</msg>
<status status="PASS" starttime="20210616 19:51:18.274" endtime="20210616 19:51:18.446"/>
</kw>
<status status="PASS" starttime="20210616 19:51:18.273" endtime="20210616 19:51:18.447"/>
</kw>
<kw name="Conferir se o produto &quot;Blouse&quot; foi listado na pesquisa" library="resourceWebTesting" sourcename="Conferir se o produto &quot;${PRODUTO}&quot; foi listado na pesquisa">
<msg timestamp="20210616 19:51:18.448" level="FAIL">User keyword 'Conferir se o produto "Blouse" foi listado na pesquisa' contains no keywords.</msg>
<status status="FAIL" starttime="20210616 19:51:18.447" endtime="20210616 19:51:18.448"/>
</kw>
<status status="FAIL" starttime="20210616 19:51:07.908" endtime="20210616 19:51:18.450">User keyword 'Conferir se o produto "Blouse" foi listado na pesquisa' contains no keywords.</status>
</test>
<kw name="Fechar o navegador" library="resourceWebTesting" type="TEARDOWN">
<msg timestamp="20210616 19:51:18.453" level="FAIL">User keyword 'Fechar o navegador' contains no keywords.</msg>
<status status="FAIL" starttime="20210616 19:51:18.452" endtime="20210616 19:51:18.453">User keyword 'Fechar o navegador' contains no keywords.</status>
</kw>
<doc>Suite de testes WEB - Site: htt://automationpractice.com</doc>
<status status="FAIL" starttime="20210616 19:51:05.332" endtime="20210616 19:51:18.453">Suite teardown failed:
User keyword 'Fechar o navegador' contains no keywords.</status>
</suite>
<statistics>
<total>
<stat pass="0" fail="1" skip="0">All Tests</stat>
</total>
<tag>
</tag>
<suite>
<stat pass="0" fail="1" skip="0" id="s1" name="suiteWebTesting">suiteWebTesting</stat>
</suite>
</statistics>
<errors>
</errors>
</robot>
