<?xml version="1.0" encoding="UTF-8"?>
<robot generator="Robot 4.0.3 (Python 3.9.5 on win32)" generated="20210620 23:16:59.570" rpa="false" schemaversion="2">
<suite id="s1" name="suiteWebTesting" source="C:\Users\TAKA\Documents\Docs - Thiago\Cursos\PrimeExpert\prime_experts_jun2021\web_testing\suiteWebTesting.robot">
<kw name="Abrir o navegador" library="resourceWebTesting" type="SETUP">
<kw name="Open Browser" library="SeleniumLibrary">
<arg>browser=chrome</arg>
<doc>Opens a new browser instance to the optional ``url``.</doc>
<msg timestamp="20210620 23:16:59.953" level="INFO">Opening browser 'chrome' to base url 'None'.</msg>
<status status="PASS" starttime="20210620 23:16:59.953" endtime="20210620 23:17:01.462"/>
</kw>
<status status="PASS" starttime="20210620 23:16:59.952" endtime="20210620 23:17:01.462"/>
</kw>
<test id="s1-t1" name="Caso de Teste 01: Pesquisar produto existente">
<kw name="Acessar a página home do site" library="resourceWebTesting">
<kw name="Go To" library="SeleniumLibrary">
<arg>${URL}</arg>
<doc>Navigates the current browser window to the provided ``url``.</doc>
<msg timestamp="20210620 23:17:01.467" level="INFO">Opening url 'http://automationpractice.com/index.php'</msg>
<status status="PASS" starttime="20210620 23:17:01.465" endtime="20210620 23:17:07.317"/>
</kw>
<kw name="Wait Until Element Is Visible" library="SeleniumLibrary">
<arg>xpath=//img[contains(@class,'logo img-responsive')]</arg>
<doc>Waits until the element ``locator`` is visible.</doc>
<status status="PASS" starttime="20210620 23:17:07.318" endtime="20210620 23:17:07.348"/>
</kw>
<status status="PASS" starttime="20210620 23:17:01.464" endtime="20210620 23:17:07.348"/>
</kw>
<kw name="Digitar o nome do produto &quot;Blouse&quot; no campo pesquisar" library="resourceWebTesting" sourcename="Digitar o nome do produto &quot;${PRODUTO}&quot; no campo pesquisar">
<kw name="Input Text" library="SeleniumLibrary">
<arg>xpath=//input[@class='search_query form-control ac_input'][contains(@id,'top')]</arg>
<arg>${PRODUTO}</arg>
<doc>Types the given ``text`` into the text field identified by ``locator``.</doc>
<msg timestamp="20210620 23:17:07.349" level="INFO">Typing text 'Blouse' into text field 'xpath=//input[@class='search_query form-control ac_input'][contains(@id,'top')]'.</msg>
<status status="PASS" starttime="20210620 23:17:07.349" endtime="20210620 23:17:07.488"/>
</kw>
<status status="PASS" starttime="20210620 23:17:07.349" endtime="20210620 23:17:07.488"/>
</kw>
<kw name="Clicar no botão pesquisar" library="resourceWebTesting">
<kw name="Click Button" library="SeleniumLibrary">
<arg>name=submit_search</arg>
<doc>Clicks the button identified by ``locator``.</doc>
<msg timestamp="20210620 23:17:07.491" level="INFO">Clicking button 'name=submit_search'.</msg>
<status status="PASS" starttime="20210620 23:17:07.491" endtime="20210620 23:17:08.914"/>
</kw>
<status status="PASS" starttime="20210620 23:17:07.489" endtime="20210620 23:17:08.914"/>
</kw>
<kw name="Conferir se o produto &quot;Blouse&quot; foi listado na pesquisa" library="resourceWebTesting" sourcename="Conferir se o produto &quot;${PRODUTO}&quot; foi listado na pesquisa">
<kw name="Wait Until Element Is Visible" library="SeleniumLibrary">
<arg>xpath=//img[contains(@alt,'Blouse')]</arg>
<doc>Waits until the element ``locator`` is visible.</doc>
<status status="PASS" starttime="20210620 23:17:08.915" endtime="20210620 23:17:08.955"/>
</kw>
<status status="PASS" starttime="20210620 23:17:08.915" endtime="20210620 23:17:08.955"/>
</kw>
<kw name="Adcionar o produto &quot;Blouse&quot; no carrinho" library="resourceWebTesting" sourcename="Adcionar o produto &quot;${PRODUTO}&quot; no carrinho">
<kw name="Wait Until Element Is Visible" library="SeleniumLibrary">
<arg>xpath=//span[contains(.,'Add to cart')]</arg>
<doc>Waits until the element ``locator`` is visible.</doc>
<status status="PASS" starttime="20210620 23:17:08.956" endtime="20210620 23:17:08.979"/>
</kw>
<kw name="Click Element" library="SeleniumLibrary">
<arg>xpath=//span[contains(.,'Add to cart')]</arg>
<doc>Click the element identified by ``locator``.</doc>
<msg timestamp="20210620 23:17:08.979" level="INFO">Clicking element 'xpath=//span[contains(.,'Add to cart')]'.</msg>
<status status="PASS" starttime="20210620 23:17:08.979" endtime="20210620 23:17:09.050"/>
</kw>
<kw name="Wait Until Element Is Visible" library="SeleniumLibrary">
<arg>xpath=//span[contains(.,'Proceed to checkout')]</arg>
<doc>Waits until the element ``locator`` is visible.</doc>
<status status="PASS" starttime="20210620 23:17:09.051" endtime="20210620 23:17:10.415"/>
</kw>
<kw name="Click Element" library="SeleniumLibrary">
<arg>xpath=//span[contains(.,'Proceed to checkout')]</arg>
<doc>Click the element identified by ``locator``.</doc>
<msg timestamp="20210620 23:17:10.415" level="INFO">Clicking element 'xpath=//span[contains(.,'Proceed to checkout')]'.</msg>
<status status="PASS" starttime="20210620 23:17:10.415" endtime="20210620 23:17:12.120"/>
</kw>
<status status="PASS" starttime="20210620 23:17:08.956" endtime="20210620 23:17:12.120"/>
</kw>
<kw name="Conferir se o produto &quot;Blouse&quot; foi adicionado no carrinho" library="resourceWebTesting" sourcename="Conferir se o produto &quot;${PRODUTO}&quot; foi adicionado no carrinho">
<kw name="Wait Until Element Is Visible" library="SeleniumLibrary">
<arg>xpath=(//a[contains(.,'${PRODUTO}')])[4]</arg>
<doc>Waits until the element ``locator`` is visible.</doc>
<status status="PASS" starttime="20210620 23:17:12.121" endtime="20210620 23:17:12.149"/>
</kw>
<status status="PASS" starttime="20210620 23:17:12.120" endtime="20210620 23:17:12.149"/>
</kw>
<status status="PASS" starttime="20210620 23:17:01.462" endtime="20210620 23:17:12.150"/>
</test>
<test id="s1-t2" name="Caso de Teste 02: Pesquisar produto não existente">
<kw name="Acessar a página home do site" library="resourceWebTesting">
<kw name="Go To" library="SeleniumLibrary">
<arg>${URL}</arg>
<doc>Navigates the current browser window to the provided ``url``.</doc>
<msg timestamp="20210620 23:17:12.153" level="INFO">Opening url 'http://automationpractice.com/index.php'</msg>
<status status="PASS" starttime="20210620 23:17:12.153" endtime="20210620 23:17:15.164"/>
</kw>
<kw name="Wait Until Element Is Visible" library="SeleniumLibrary">
<arg>xpath=//img[contains(@class,'logo img-responsive')]</arg>
<doc>Waits until the element ``locator`` is visible.</doc>
<status status="PASS" starttime="20210620 23:17:15.165" endtime="20210620 23:17:15.198"/>
</kw>
<status status="PASS" starttime="20210620 23:17:12.152" endtime="20210620 23:17:15.198"/>
</kw>
<kw name="Digitar o nome do produto &quot;MELANCIA&quot; no campo de pesquisa" library="resourceWebTesting" sourcename="Digitar o nome do produto &quot;${PRODUTO}&quot; no campo de pesquisa">
<kw name="Input Text" library="SeleniumLibrary">
<arg>xpath=//input[@class='search_query form-control ac_input'][contains(@id,'top')]</arg>
<arg>${PRODUTO}</arg>
<doc>Types the given ``text`` into the text field identified by ``locator``.</doc>
<msg timestamp="20210620 23:17:15.199" level="INFO">Typing text 'MELANCIA' into text field 'xpath=//input[@class='search_query form-control ac_input'][contains(@id,'top')]'.</msg>
<status status="PASS" starttime="20210620 23:17:15.199" endtime="20210620 23:17:15.323"/>
</kw>
<status status="PASS" starttime="20210620 23:17:15.198" endtime="20210620 23:17:15.323"/>
</kw>
<kw name="Clicar no botão pesquisar" library="resourceWebTesting">
<kw name="Click Button" library="SeleniumLibrary">
<arg>name=submit_search</arg>
<doc>Clicks the button identified by ``locator``.</doc>
<msg timestamp="20210620 23:17:15.325" level="INFO">Clicking button 'name=submit_search'.</msg>
<status status="PASS" starttime="20210620 23:17:15.325" endtime="20210620 23:17:18.428"/>
</kw>
<status status="PASS" starttime="20210620 23:17:15.324" endtime="20210620 23:17:18.428"/>
</kw>
<kw name="Conferir mensagem &quot;No results were found for your search &quot;MELANCIA&quot;&quot;" library="resourceWebTesting" sourcename="Conferir mensagem &quot;${MENSAGEM}&quot;">
<kw name="Wait Until Element Is Visible" library="SeleniumLibrary">
<arg>//p[@class='alert alert-warning']</arg>
<doc>Waits until the element ``locator`` is visible.</doc>
<status status="PASS" starttime="20210620 23:17:18.429" endtime="20210620 23:17:18.464"/>
</kw>
<kw name="Element Should Contain" library="SeleniumLibrary">
<arg>xpath=//p[@class='alert alert-warning']</arg>
<arg>${MENSAGEM}</arg>
<doc>Verifies that element ``locator`` contains text ``expected``.</doc>
<msg timestamp="20210620 23:17:18.486" level="INFO">Element 'xpath=//p[@class='alert alert-warning']' contains text 'No results were found for your search "MELANCIA"'.</msg>
<status status="PASS" starttime="20210620 23:17:18.464" endtime="20210620 23:17:18.486"/>
</kw>
<status status="PASS" starttime="20210620 23:17:18.429" endtime="20210620 23:17:18.486"/>
</kw>
<status status="PASS" starttime="20210620 23:17:12.151" endtime="20210620 23:17:18.487"/>
</test>
<test id="s1-t3" name="Caso de Teste 03: Listar Produtos">
<kw name="Acessar a página home do site" library="resourceWebTesting">
<kw name="Go To" library="SeleniumLibrary">
<arg>${URL}</arg>
<doc>Navigates the current browser window to the provided ``url``.</doc>
<msg timestamp="20210620 23:17:18.489" level="INFO">Opening url 'http://automationpractice.com/index.php'</msg>
<status status="PASS" starttime="20210620 23:17:18.489" endtime="20210620 23:17:20.017"/>
</kw>
<kw name="Wait Until Element Is Visible" library="SeleniumLibrary">
<arg>xpath=//img[contains(@class,'logo img-responsive')]</arg>
<doc>Waits until the element ``locator`` is visible.</doc>
<status status="PASS" starttime="20210620 23:17:20.017" endtime="20210620 23:17:20.102"/>
</kw>
<status status="PASS" starttime="20210620 23:17:18.489" endtime="20210620 23:17:20.104"/>
</kw>
<kw name="Passar o mouse por cima da categoria &quot;Women&quot; no menu principal superior de categorias" library="resourceWebTesting" sourcename="Passar o mouse por cima da categoria &quot;${CATEGORIA}&quot; no menu principal superior de categorias">
<kw name="Mouse Over" library="SeleniumLibrary">
<arg>xpath=//a[contains(@title,'Women')]</arg>
<doc>Simulates hovering the mouse over the element ``locator``.</doc>
<msg timestamp="20210620 23:17:20.106" level="INFO">Simulating Mouse Over on element 'xpath=//a[contains(@title,'Women')]'.</msg>
<status status="PASS" starttime="20210620 23:17:20.105" endtime="20210620 23:17:20.399"/>
</kw>
<status status="PASS" starttime="20210620 23:17:20.105" endtime="20210620 23:17:20.399"/>
</kw>
<kw name="Clicar na sub categoria &quot;Summer Dresses&quot;" library="resourceWebTesting" sourcename="Clicar na sub categoria &quot;${SUBCATEGORIA}&quot;">
<kw name="Click Element" library="SeleniumLibrary">
<arg>xpath=(//a[contains(@title,'Summer Dresses')])[1]</arg>
<doc>Click the element identified by ``locator``.</doc>
<msg timestamp="20210620 23:17:20.401" level="INFO">Clicking element 'xpath=(//a[contains(@title,'Summer Dresses')])[1]'.</msg>
<status status="PASS" starttime="20210620 23:17:20.400" endtime="20210620 23:17:24.300"/>
</kw>
<status status="PASS" starttime="20210620 23:17:20.400" endtime="20210620 23:17:24.300"/>
</kw>
<kw name="Conferir se os produtos da sub-categoria &quot;Summer Dresses&quot; foram mostrados na página" library="resourceWebTesting" sourcename="Conferir se os produtos da sub-categoria &quot;${SUBCATEGORIA}&quot; foram mostrados na página">
<kw name="Wait Until Element Is Visible" library="SeleniumLibrary">
<arg>xpath=//span[@class='cat-name']</arg>
<doc>Waits until the element ``locator`` is visible.</doc>
<status status="PASS" starttime="20210620 23:17:24.302" endtime="20210620 23:17:24.332"/>
</kw>
<kw name="Element Should Contain" library="SeleniumLibrary">
<arg>xpath=//span[@class='category-name']</arg>
<arg>${SUBCATEGORIA}</arg>
<doc>Verifies that element ``locator`` contains text ``expected``.</doc>
<msg timestamp="20210620 23:17:24.360" level="INFO">Element 'xpath=//span[@class='category-name']' contains text 'Summer Dresses'.</msg>
<status status="PASS" starttime="20210620 23:17:24.332" endtime="20210620 23:17:24.360"/>
</kw>
<status status="PASS" starttime="20210620 23:17:24.302" endtime="20210620 23:17:24.361"/>
</kw>
<status status="PASS" starttime="20210620 23:17:18.488" endtime="20210620 23:17:24.361"/>
</test>
<test id="s1-t4" name="Caso de teste 04: Remover Produtos">
<kw name="Acessar a página home do site" library="resourceWebTesting">
<kw name="Go To" library="SeleniumLibrary">
<arg>${URL}</arg>
<doc>Navigates the current browser window to the provided ``url``.</doc>
<msg timestamp="20210620 23:17:24.364" level="INFO">Opening url 'http://automationpractice.com/index.php'</msg>
<status status="PASS" starttime="20210620 23:17:24.363" endtime="20210620 23:17:27.735"/>
</kw>
<kw name="Wait Until Element Is Visible" library="SeleniumLibrary">
<arg>xpath=//img[contains(@class,'logo img-responsive')]</arg>
<doc>Waits until the element ``locator`` is visible.</doc>
<status status="PASS" starttime="20210620 23:17:27.735" endtime="20210620 23:17:27.773"/>
</kw>
<status status="PASS" starttime="20210620 23:17:24.363" endtime="20210620 23:17:27.773"/>
</kw>
<kw name="Clicar no ícone carrinho de compras" library="resourceWebTesting">
<kw name="Click Element" library="SeleniumLibrary">
<arg>xpath=//*[@id="header"]/div[3]/div/div/div[3]/div/a</arg>
<doc>Click the element identified by ``locator``.</doc>
<msg timestamp="20210620 23:17:27.774" level="INFO">Clicking element 'xpath=//*[@id="header"]/div[3]/div/div/div[3]/div/a'.</msg>
<status status="PASS" starttime="20210620 23:17:27.774" endtime="20210620 23:17:29.219"/>
</kw>
<kw name="Page Should Contain Element" library="SeleniumLibrary">
<arg>xpath=//*[@id="cart_title"][contains(text(),"Shopping-cart summary")]</arg>
<doc>Verifies that element ``locator`` is found on the current page.</doc>
<msg timestamp="20210620 23:17:29.236" level="INFO">Current page contains element 'xpath=//*[@id="cart_title"][contains(text(),"Shopping-cart summary")]'.</msg>
<status status="PASS" starttime="20210620 23:17:29.219" endtime="20210620 23:17:29.236"/>
</kw>
<kw name="Page Should Contain Element" library="SeleniumLibrary">
<arg>xpath=//*[@id="cart_summary"]/thead/tr/th[1]</arg>
<doc>Verifies that element ``locator`` is found on the current page.</doc>
<msg timestamp="20210620 23:17:29.253" level="INFO">Current page contains element 'xpath=//*[@id="cart_summary"]/thead/tr/th[1]'.</msg>
<status status="PASS" starttime="20210620 23:17:29.237" endtime="20210620 23:17:29.253"/>
</kw>
<kw name="Page Should Contain Element" library="SeleniumLibrary">
<arg>xpath=//*[@id="cart_summary"]/thead/tr/th[2]</arg>
<doc>Verifies that element ``locator`` is found on the current page.</doc>
<msg timestamp="20210620 23:17:29.272" level="INFO">Current page contains element 'xpath=//*[@id="cart_summary"]/thead/tr/th[2]'.</msg>
<status status="PASS" starttime="20210620 23:17:29.254" endtime="20210620 23:17:29.272"/>
</kw>
<status status="PASS" starttime="20210620 23:17:27.774" endtime="20210620 23:17:29.273"/>
</kw>
<kw name="Clicar no botão de remoção de produtos do carrinho" library="resourceWebTesting">
<kw name="Click Element" library="SeleniumLibrary">
<arg>xpath=//a[@title='Delete']</arg>
<doc>Click the element identified by ``locator``.</doc>
<msg timestamp="20210620 23:17:29.276" level="INFO">Clicking element 'xpath=//a[@title='Delete']'.</msg>
<status status="PASS" starttime="20210620 23:17:29.275" endtime="20210620 23:17:29.333"/>
</kw>
<status status="PASS" starttime="20210620 23:17:29.275" endtime="20210620 23:17:29.333"/>
</kw>
<status status="PASS" starttime="20210620 23:17:24.363" endtime="20210620 23:17:29.334"/>
</test>
<test id="s1-t5" name="Caso de Teste 05: Adicionar Cliente">
<kw name="Acessar a página home do site" library="resourceWebTesting">
<kw name="Go To" library="SeleniumLibrary">
<arg>${URL}</arg>
<doc>Navigates the current browser window to the provided ``url``.</doc>
<msg timestamp="20210620 23:17:29.337" level="INFO">Opening url 'http://automationpractice.com/index.php'</msg>
<status status="PASS" starttime="20210620 23:17:29.336" endtime="20210620 23:17:31.970"/>
</kw>
<kw name="Wait Until Element Is Visible" library="SeleniumLibrary">
<arg>xpath=//img[contains(@class,'logo img-responsive')]</arg>
<doc>Waits until the element ``locator`` is visible.</doc>
<status status="PASS" starttime="20210620 23:17:31.970" endtime="20210620 23:17:31.994"/>
</kw>
<status status="PASS" starttime="20210620 23:17:29.336" endtime="20210620 23:17:31.995"/>
</kw>
<kw name="Clicar em &quot;Sign in&quot;" library="resourceWebTesting">
<kw name="Click Element" library="SeleniumLibrary">
<arg>xpath=//a[@class='login']</arg>
<doc>Click the element identified by ``locator``.</doc>
<msg timestamp="20210620 23:17:31.998" level="INFO">Clicking element 'xpath=//a[@class='login']'.</msg>
<status status="PASS" starttime="20210620 23:17:31.996" endtime="20210620 23:17:34.100"/>
</kw>
<status status="PASS" starttime="20210620 23:17:31.995" endtime="20210620 23:17:34.101"/>
</kw>
<kw name="Informar um e-mail válido" library="resourceWebTesting">
<kw name="Wait Until Element Is Visible" library="SeleniumLibrary">
<arg>id=email_create</arg>
<doc>Waits until the element ``locator`` is visible.</doc>
<status status="PASS" starttime="20210620 23:17:34.102" endtime="20210620 23:17:34.144"/>
</kw>
<kw name="Generate Random String" library="String">
<var>${EMAIL}</var>
<doc>Generates a string with a desired ``length`` from the given ``chars``.</doc>
<msg timestamp="20210620 23:17:34.144" level="INFO">${EMAIL} = P4BmbWMK</msg>
<status status="PASS" starttime="20210620 23:17:34.144" endtime="20210620 23:17:34.144"/>
</kw>
<kw name="Input Text" library="SeleniumLibrary">
<arg>id=email_create</arg>
<arg>${EMAIL}@teste.com</arg>
<doc>Types the given ``text`` into the text field identified by ``locator``.</doc>
<msg timestamp="20210620 23:17:34.145" level="INFO">Typing text 'P4BmbWMK@teste.com' into text field 'id=email_create'.</msg>
<status status="PASS" starttime="20210620 23:17:34.144" endtime="20210620 23:17:34.247"/>
</kw>
<status status="PASS" starttime="20210620 23:17:34.102" endtime="20210620 23:17:34.248"/>
</kw>
<kw name="Clicar em &quot;Criar conta&quot;" library="resourceWebTesting">
<kw name="Click Element" library="SeleniumLibrary">
<arg>xpath=//span[contains(.,'Create an account')]</arg>
<doc>Click the element identified by ``locator``.</doc>
<msg timestamp="20210620 23:17:34.249" level="INFO">Clicking element 'xpath=//span[contains(.,'Create an account')]'.</msg>
<status status="PASS" starttime="20210620 23:17:34.249" endtime="20210620 23:17:34.353"/>
</kw>
<status status="PASS" starttime="20210620 23:17:34.248" endtime="20210620 23:17:34.353"/>
</kw>
<kw name="Preencher os dados obrigatórios" library="resourceWebTesting">
<kw name="Sleep" library="BuiltIn">
<arg>4s</arg>
<doc>Pauses the test executed for the given time.</doc>
<msg timestamp="20210620 23:17:38.357" level="INFO">Slept 4 seconds</msg>
<status status="PASS" starttime="20210620 23:17:34.356" endtime="20210620 23:17:38.357"/>
</kw>
<kw name="Click Element" library="SeleniumLibrary">
<arg>xpath=//label[@for='id_gender1'][contains(.,'Mr.')]</arg>
<doc>Click the element identified by ``locator``.</doc>
<msg timestamp="20210620 23:17:38.357" level="INFO">Clicking element 'xpath=//label[@for='id_gender1'][contains(.,'Mr.')]'.</msg>
<status status="PASS" starttime="20210620 23:17:38.357" endtime="20210620 23:17:38.413"/>
</kw>
<kw name="Input Text" library="SeleniumLibrary">
<arg>name=customer_firstname</arg>
<arg>${NAME}</arg>
<doc>Types the given ``text`` into the text field identified by ``locator``.</doc>
<msg timestamp="20210620 23:17:38.413" level="INFO">Typing text 'Thiago' into text field 'name=customer_firstname'.</msg>
<status status="PASS" starttime="20210620 23:17:38.413" endtime="20210620 23:17:38.545"/>
</kw>
<kw name="Input Text" library="SeleniumLibrary">
<arg>name=customer_lastname</arg>
<arg>${LASTMANE}</arg>
<doc>Types the given ``text`` into the text field identified by ``locator``.</doc>
<msg timestamp="20210620 23:17:38.546" level="INFO">Typing text 'Taka' into text field 'name=customer_lastname'.</msg>
<status status="PASS" starttime="20210620 23:17:38.545" endtime="20210620 23:17:38.679"/>
</kw>
<kw name="Input Text" library="SeleniumLibrary">
<arg>name=passwd</arg>
<arg>11111</arg>
<doc>Types the given ``text`` into the text field identified by ``locator``.</doc>
<msg timestamp="20210620 23:17:38.679" level="INFO">Typing text '11111' into text field 'name=passwd'.</msg>
<status status="PASS" starttime="20210620 23:17:38.679" endtime="20210620 23:17:38.780"/>
</kw>
<kw name="Input Text" library="SeleniumLibrary">
<arg>name=firstname</arg>
<arg>${NAME}</arg>
<doc>Types the given ``text`` into the text field identified by ``locator``.</doc>
<msg timestamp="20210620 23:17:38.781" level="INFO">Typing text 'Thiago' into text field 'name=firstname'.</msg>
<status status="PASS" starttime="20210620 23:17:38.780" endtime="20210620 23:17:38.899"/>
</kw>
<kw name="Input Text" library="SeleniumLibrary">
<arg>name=lastname</arg>
<arg>${LASTMANE}</arg>
<doc>Types the given ``text`` into the text field identified by ``locator``.</doc>
<msg timestamp="20210620 23:17:38.900" level="INFO">Typing text 'Taka' into text field 'name=lastname'.</msg>
<status status="PASS" starttime="20210620 23:17:38.900" endtime="20210620 23:17:39.015"/>
</kw>
<kw name="Input Text" library="SeleniumLibrary">
<arg>name=address1</arg>
<arg>Rua teste</arg>
<doc>Types the given ``text`` into the text field identified by ``locator``.</doc>
<msg timestamp="20210620 23:17:39.016" level="INFO">Typing text 'Rua teste' into text field 'name=address1'.</msg>
<status status="PASS" starttime="20210620 23:17:39.016" endtime="20210620 23:17:39.170"/>
</kw>
<kw name="Input Text" library="SeleniumLibrary">
<arg>name=city</arg>
<arg>New York</arg>
<doc>Types the given ``text`` into the text field identified by ``locator``.</doc>
<msg timestamp="20210620 23:17:39.171" level="INFO">Typing text 'New York' into text field 'name=city'.</msg>
<status status="PASS" starttime="20210620 23:17:39.171" endtime="20210620 23:17:39.302"/>
</kw>
<kw name="Select From List By Value" library="SeleniumLibrary">
<arg>name=id_state</arg>
<arg>32</arg>
<doc>Selects options from selection list ``locator`` by ``values``.</doc>
<msg timestamp="20210620 23:17:39.303" level="INFO">Selecting options from selection list 'name=id_state' by value 32.</msg>
<status status="PASS" starttime="20210620 23:17:39.302" endtime="20210620 23:17:39.379"/>
</kw>
<kw name="Input Text" library="SeleniumLibrary">
<arg>name=postcode</arg>
<arg>00000</arg>
<doc>Types the given ``text`` into the text field identified by ``locator``.</doc>
<msg timestamp="20210620 23:17:39.380" level="INFO">Typing text '00000' into text field 'name=postcode'.</msg>
<status status="PASS" starttime="20210620 23:17:39.380" endtime="20210620 23:17:39.495"/>
</kw>
<kw name="Select From List By Value" library="SeleniumLibrary">
<arg>name=id_country</arg>
<arg>21</arg>
<doc>Selects options from selection list ``locator`` by ``values``.</doc>
<msg timestamp="20210620 23:17:39.495" level="INFO">Selecting options from selection list 'name=id_country' by value 21.</msg>
<status status="PASS" starttime="20210620 23:17:39.495" endtime="20210620 23:17:39.559"/>
</kw>
<kw name="Input Text" library="SeleniumLibrary">
<arg>name=phone_mobile</arg>
<arg>9999999</arg>
<doc>Types the given ``text`` into the text field identified by ``locator``.</doc>
<msg timestamp="20210620 23:17:39.560" level="INFO">Typing text '9999999' into text field 'name=phone_mobile'.</msg>
<status status="PASS" starttime="20210620 23:17:39.560" endtime="20210620 23:17:39.687"/>
</kw>
<status status="PASS" starttime="20210620 23:17:34.356" endtime="20210620 23:17:39.687"/>
</kw>
<kw name="Submeter cadastro" library="resourceWebTesting">
<kw name="Click Element" library="SeleniumLibrary">
<arg>xpath=//span[contains(.,'Register')]</arg>
<doc>Click the element identified by ``locator``.</doc>
<msg timestamp="20210620 23:17:39.688" level="INFO">Clicking element 'xpath=//span[contains(.,'Register')]'.</msg>
<status status="PASS" starttime="20210620 23:17:39.688" endtime="20210620 23:17:41.812"/>
</kw>
<status status="PASS" starttime="20210620 23:17:39.687" endtime="20210620 23:17:41.813"/>
</kw>
<kw name="Conferir se o cadastro foi efetuado com sucesso" library="resourceWebTesting">
<kw name="Sleep" library="BuiltIn">
<arg>5s</arg>
<doc>Pauses the test executed for the given time.</doc>
<msg timestamp="20210620 23:17:46.815" level="INFO">Slept 5 seconds</msg>
<status status="PASS" starttime="20210620 23:17:41.814" endtime="20210620 23:17:46.815"/>
</kw>
<kw name="Wait Until Element Is Visible" library="SeleniumLibrary">
<arg>xpath=//h1[contains(.,'My account')]</arg>
<doc>Waits until the element ``locator`` is visible.</doc>
<status status="PASS" starttime="20210620 23:17:46.815" endtime="20210620 23:17:46.839"/>
</kw>
<kw name="Element Text Should Be" library="SeleniumLibrary">
<arg>xpath=//h1[contains(.,'My account')]</arg>
<arg>MY ACCOUNT</arg>
<doc>Verifies that element ``locator`` contains exact the text ``expected``.</doc>
<msg timestamp="20210620 23:17:46.840" level="INFO">Verifying element 'xpath=//h1[contains(.,'My account')]' contains exact text 'MY ACCOUNT'.</msg>
<status status="PASS" starttime="20210620 23:17:46.840" endtime="20210620 23:17:46.860"/>
</kw>
<kw name="Element Text Should Be" library="SeleniumLibrary">
<arg>//*[@id="center_column"]/p[@class="info-account"]</arg>
<arg>Welcome to your account. Here you can manage all of your personal information and orders.</arg>
<doc>Verifies that element ``locator`` contains exact the text ``expected``.</doc>
<msg timestamp="20210620 23:17:46.860" level="INFO">Verifying element '//*[@id="center_column"]/p[@class="info-account"]' contains exact text 'Welcome to your account. Here you can manage all of your personal information and orders.'.</msg>
<status status="PASS" starttime="20210620 23:17:46.860" endtime="20210620 23:17:46.883"/>
</kw>
<status status="PASS" starttime="20210620 23:17:41.813" endtime="20210620 23:17:46.883"/>
</kw>
<status status="PASS" starttime="20210620 23:17:29.335" endtime="20210620 23:17:46.884"/>
</test>
<kw name="Fechar o navegador" library="resourceWebTesting" type="TEARDOWN">
<kw name="Close Browser" library="SeleniumLibrary">
<doc>Closes the current browser.</doc>
<status status="PASS" starttime="20210620 23:17:46.886" endtime="20210620 23:17:49.186"/>
</kw>
<status status="PASS" starttime="20210620 23:17:46.885" endtime="20210620 23:17:49.186"/>
</kw>
<doc>Suite de testes WEB - Site: htt://automationpractice.com</doc>
<status status="PASS" starttime="20210620 23:16:59.573" endtime="20210620 23:17:49.186"/>
</suite>
<statistics>
<total>
<stat pass="5" fail="0" skip="0">All Tests</stat>
</total>
<tag>
</tag>
<suite>
<stat pass="5" fail="0" skip="0" id="s1" name="suiteWebTesting">suiteWebTesting</stat>
</suite>
</statistics>
<errors>
</errors>
</robot>
