<?xml version="1.0" encoding="UTF-8"?>
<robot generator="Robot 4.0.3 (Python 3.9.5 on win32)" generated="20210616 20:00:03.599" rpa="false" schemaversion="2">
<suite id="s1" name="suiteWebTesting" source="C:\Users\TAKA\Documents\Docs - Thiago\Cursos\PrimeExpert\prime_experts_jun2021\web_testing\suiteWebTesting.robot">
<kw name="Abrir o navegador" library="resourceWebTesting" type="SETUP">
<kw name="Open Browser" library="SeleniumLibrary">
<arg>browser=chrome</arg>
<doc>Opens a new browser instance to the optional ``url``.</doc>
<msg timestamp="20210616 20:00:04.135" level="INFO">Opening browser 'chrome' to base url 'None'.</msg>
<status status="PASS" starttime="20210616 20:00:04.135" endtime="20210616 20:00:05.954"/>
</kw>
<status status="PASS" starttime="20210616 20:00:04.134" endtime="20210616 20:00:05.954"/>
</kw>
<test id="s1-t1" name="Caso de Teste 01: Pesquisar produto existente">
<kw name="Acessar a página home do site Automation Practice" library="resourceWebTesting">
<kw name="Go To" library="SeleniumLibrary">
<arg>${URL}</arg>
<doc>Navigates the current browser window to the provided ``url``.</doc>
<msg timestamp="20210616 20:00:05.984" level="INFO">Opening url 'http://automationpractice.com/index.php'</msg>
<status status="PASS" starttime="20210616 20:00:05.974" endtime="20210616 20:00:14.947"/>
</kw>
<kw name="Wait Until Element Is Visible" library="SeleniumLibrary">
<arg>xpath=//img[contains(@class,'logo img-responsive')]</arg>
<doc>Waits until the element ``locator`` is visible.</doc>
<status status="PASS" starttime="20210616 20:00:14.947" endtime="20210616 20:00:14.982"/>
</kw>
<status status="PASS" starttime="20210616 20:00:05.972" endtime="20210616 20:00:14.982"/>
</kw>
<kw name="Digitar o nome do produto &quot;Blouse&quot; no campo pesquisar" library="resourceWebTesting" sourcename="Digitar o nome do produto &quot;${PRODUTO}&quot; no campo pesquisar">
<kw name="Input Text" library="SeleniumLibrary">
<arg>xpath=//input[@class='search_query form-control ac_input'][contains(@id,'top')]</arg>
<arg>${PRODUTO}</arg>
<doc>Types the given ``text`` into the text field identified by ``locator``.</doc>
<msg timestamp="20210616 20:00:14.983" level="INFO">Typing text 'Blouse' into text field 'xpath=//input[@class='search_query form-control ac_input'][contains(@id,'top')]'.</msg>
<status status="PASS" starttime="20210616 20:00:14.983" endtime="20210616 20:00:15.133"/>
</kw>
<status status="PASS" starttime="20210616 20:00:14.982" endtime="20210616 20:00:15.133"/>
</kw>
<kw name="Clicar no botão pesquisar" library="resourceWebTesting">
<kw name="Click Button" library="SeleniumLibrary">
<arg>name=submit_search</arg>
<doc>Clicks the button identified by ``locator``.</doc>
<msg timestamp="20210616 20:00:15.135" level="INFO">Clicking button 'name=submit_search'.</msg>
<status status="PASS" starttime="20210616 20:00:15.134" endtime="20210616 20:00:22.499"/>
</kw>
<status status="PASS" starttime="20210616 20:00:15.134" endtime="20210616 20:00:22.499"/>
</kw>
<kw name="Conferir se o produto &quot;Blouse&quot; foi listado na pesquisa" library="resourceWebTesting" sourcename="Conferir se o produto &quot;${PRODUTO}&quot; foi listado na pesquisa">
<kw name="Wait Until Element Is Visible" library="SeleniumLibrary">
<arg>xpath=//img[contains(@alt,'Blouse')]</arg>
<doc>Waits until the element ``locator`` is visible.</doc>
<status status="PASS" starttime="20210616 20:00:22.501" endtime="20210616 20:00:22.536"/>
</kw>
<status status="PASS" starttime="20210616 20:00:22.500" endtime="20210616 20:00:22.536"/>
</kw>
<kw name="Adcionar o produto &quot;Blouse&quot; no carrinho" library="resourceWebTesting">
<kw name="Wait Until Element Is Visible" library="SeleniumLibrary">
<arg>xpath=//span[contains(.,'Add to cart')]</arg>
<doc>Waits until the element ``locator`` is visible.</doc>
<status status="PASS" starttime="20210616 20:00:22.537" endtime="20210616 20:00:22.563"/>
</kw>
<kw name="Click Button" library="SeleniumLibrary">
<arg>xpath=//span[contains(.,'Add to cart')]</arg>
<doc>Clicks the button identified by ``locator``.</doc>
<msg timestamp="20210616 20:00:22.564" level="INFO">Clicking button 'xpath=//span[contains(.,'Add to cart')]'.</msg>
<kw name="Capture Page Screenshot" library="SeleniumLibrary">
<doc>Takes a screenshot of the current page and embeds it into a log file.</doc>
<msg timestamp="20210616 20:00:22.767" level="INFO" html="true">&lt;/td&gt;&lt;/tr&gt;&lt;tr&gt;&lt;td colspan="3"&gt;&lt;a href="selenium-screenshot-5.png"&gt;&lt;img src="selenium-screenshot-5.png" width="800px"&gt;&lt;/a&gt;</msg>
<status status="PASS" starttime="20210616 20:00:22.590" endtime="20210616 20:00:22.768"/>
</kw>
<msg timestamp="20210616 20:00:22.772" level="FAIL">Button with locator 'xpath=//span[contains(.,'Add to cart')]' not found.</msg>
<status status="FAIL" starttime="20210616 20:00:22.563" endtime="20210616 20:00:22.772"/>
</kw>
<kw name="Wait Until Element Is Visible" library="SeleniumLibrary">
<arg>xpath=//span[contains(.,'Proceed to checkout')]</arg>
<doc>Waits until the element ``locator`` is visible.</doc>
<status status="NOT RUN" starttime="20210616 20:00:22.772" endtime="20210616 20:00:22.772"/>
</kw>
<kw name="Click Element" library="SeleniumLibrary">
<arg>xpath=//span[contains(.,'Proceed to checkout')]</arg>
<doc>Click the element identified by ``locator``.</doc>
<status status="NOT RUN" starttime="20210616 20:00:22.773" endtime="20210616 20:00:22.773"/>
</kw>
<status status="FAIL" starttime="20210616 20:00:22.536" endtime="20210616 20:00:22.773"/>
</kw>
<kw name="Conferir se o produto &quot;Blouse&quot; foi adicionado no carrinho" library="resourceWebTesting">
<status status="NOT RUN" starttime="20210616 20:00:22.773" endtime="20210616 20:00:22.773"/>
</kw>
<status status="FAIL" starttime="20210616 20:00:05.954" endtime="20210616 20:00:22.774">Button with locator 'xpath=//span[contains(.,'Add to cart')]' not found.</status>
</test>
<kw name="Fechar o navegador" library="resourceWebTesting" type="TEARDOWN">
<msg timestamp="20210616 20:00:22.777" level="FAIL">User keyword 'Fechar o navegador' contains no keywords.</msg>
<status status="FAIL" starttime="20210616 20:00:22.777" endtime="20210616 20:00:22.778">User keyword 'Fechar o navegador' contains no keywords.</status>
</kw>
<doc>Suite de testes WEB - Site: htt://automationpractice.com</doc>
<status status="FAIL" starttime="20210616 20:00:03.604" endtime="20210616 20:00:22.778">Suite teardown failed:
User keyword 'Fechar o navegador' contains no keywords.</status>
</suite>
<statistics>
<total>
<stat pass="0" fail="1" skip="0">All Tests</stat>
</total>
<tag>
</tag>
<suite>
<stat pass="0" fail="1" skip="0" id="s1" name="suiteWebTesting">suiteWebTesting</stat>
</suite>
</statistics>
<errors>
</errors>
</robot>
