<?xml version="1.0" encoding="UTF-8"?>
<robot generator="Robot 4.0.3 (Python 3.9.5 on win32)" generated="20210620 22:46:16.099" rpa="false" schemaversion="2">
<suite id="s1" name="suiteWebTesting" source="C:\Users\TAKA\Documents\Docs - Thiago\Cursos\PrimeExpert\prime_experts_jun2021\web_testing\suiteWebTesting.robot">
<kw name="Abrir o navegador" library="resourceWebTesting" type="SETUP">
<kw name="Open Browser" library="SeleniumLibrary">
<arg>browser=chrome</arg>
<doc>Opens a new browser instance to the optional ``url``.</doc>
<msg timestamp="20210620 22:46:16.397" level="INFO">Opening browser 'chrome' to base url 'None'.</msg>
<status status="PASS" starttime="20210620 22:46:16.397" endtime="20210620 22:46:18.081"/>
</kw>
<status status="PASS" starttime="20210620 22:46:16.396" endtime="20210620 22:46:18.131"/>
</kw>
<test id="s1-t1" name="Caso de Teste 04: Adicionar Cliente">
<kw name="Acessar a página home do site" library="resourceWebTesting">
<kw name="Go To" library="SeleniumLibrary">
<arg>${URL}</arg>
<doc>Navigates the current browser window to the provided ``url``.</doc>
<msg timestamp="20210620 22:46:18.137" level="INFO">Opening url 'http://automationpractice.com/index.php'</msg>
<status status="PASS" starttime="20210620 22:46:18.135" endtime="20210620 22:46:23.310"/>
</kw>
<kw name="Wait Until Element Is Visible" library="SeleniumLibrary">
<arg>xpath=//img[contains(@class,'logo img-responsive')]</arg>
<doc>Waits until the element ``locator`` is visible.</doc>
<status status="PASS" starttime="20210620 22:46:23.310" endtime="20210620 22:46:23.343"/>
</kw>
<status status="PASS" starttime="20210620 22:46:18.134" endtime="20210620 22:46:23.344"/>
</kw>
<kw name="Clicar em &quot;Sign in&quot;" library="resourceWebTesting">
<kw name="Click Element" library="SeleniumLibrary">
<arg>xpath=//a[@class='login']</arg>
<doc>Click the element identified by ``locator``.</doc>
<msg timestamp="20210620 22:46:23.345" level="INFO">Clicking element 'xpath=//a[@class='login']'.</msg>
<status status="PASS" starttime="20210620 22:46:23.344" endtime="20210620 22:46:25.491"/>
</kw>
<status status="PASS" starttime="20210620 22:46:23.344" endtime="20210620 22:46:25.491"/>
</kw>
<kw name="Informar um e-mail válido" library="resourceWebTesting">
<kw name="Wait Until Element Is Visible" library="SeleniumLibrary">
<arg>id=email_create</arg>
<doc>Waits until the element ``locator`` is visible.</doc>
<status status="PASS" starttime="20210620 22:46:25.496" endtime="20210620 22:46:25.591"/>
</kw>
<kw name="Generate Random String" library="String">
<var>${EMAIL}</var>
<doc>Generates a string with a desired ``length`` from the given ``chars``.</doc>
<msg timestamp="20210620 22:46:25.592" level="INFO">${EMAIL} = Y6aXGhpS</msg>
<status status="PASS" starttime="20210620 22:46:25.591" endtime="20210620 22:46:25.592"/>
</kw>
<kw name="Input Text" library="SeleniumLibrary">
<arg>id=email_create</arg>
<arg>${EMAIL}@teste.com</arg>
<doc>Types the given ``text`` into the text field identified by ``locator``.</doc>
<msg timestamp="20210620 22:46:25.593" level="INFO">Typing text 'Y6aXGhpS@teste.com' into text field 'id=email_create'.</msg>
<status status="PASS" starttime="20210620 22:46:25.592" endtime="20210620 22:46:25.754"/>
</kw>
<status status="PASS" starttime="20210620 22:46:25.495" endtime="20210620 22:46:25.755"/>
</kw>
<kw name="Clicar em &quot;Criar conta&quot;" library="resourceWebTesting">
<kw name="Click Element" library="SeleniumLibrary">
<arg>xpath=//span[contains(.,'Create an account')]</arg>
<doc>Click the element identified by ``locator``.</doc>
<msg timestamp="20210620 22:46:25.757" level="INFO">Clicking element 'xpath=//span[contains(.,'Create an account')]'.</msg>
<status status="PASS" starttime="20210620 22:46:25.756" endtime="20210620 22:46:25.843"/>
</kw>
<status status="PASS" starttime="20210620 22:46:25.755" endtime="20210620 22:46:25.843"/>
</kw>
<kw name="Preencher os dados obrigatórios" library="resourceWebTesting">
<kw name="Sleep" library="BuiltIn">
<arg>2s</arg>
<doc>Pauses the test executed for the given time.</doc>
<msg timestamp="20210620 22:46:27.845" level="INFO">Slept 2 seconds</msg>
<status status="PASS" starttime="20210620 22:46:25.844" endtime="20210620 22:46:27.845"/>
</kw>
<kw name="Click Element" library="SeleniumLibrary">
<arg>xpath=//label[@for='id_gender1'][contains(.,'Mr.')]</arg>
<doc>Click the element identified by ``locator``.</doc>
<msg timestamp="20210620 22:46:27.845" level="INFO">Clicking element 'xpath=//label[@for='id_gender1'][contains(.,'Mr.')]'.</msg>
<status status="PASS" starttime="20210620 22:46:27.845" endtime="20210620 22:46:27.903"/>
</kw>
<kw name="Input Text" library="SeleniumLibrary">
<arg>name=customer_firstname</arg>
<arg>${NAME}</arg>
<doc>Types the given ``text`` into the text field identified by ``locator``.</doc>
<msg timestamp="20210620 22:46:27.903" level="INFO">Typing text 'Thiago' into text field 'name=customer_firstname'.</msg>
<status status="PASS" starttime="20210620 22:46:27.903" endtime="20210620 22:46:28.046"/>
</kw>
<kw name="Input Text" library="SeleniumLibrary">
<arg>name=customer_lastname</arg>
<arg>${LASTMANE}</arg>
<doc>Types the given ``text`` into the text field identified by ``locator``.</doc>
<msg timestamp="20210620 22:46:28.047" level="INFO">Typing text 'Taka' into text field 'name=customer_lastname'.</msg>
<status status="PASS" starttime="20210620 22:46:28.046" endtime="20210620 22:46:28.189"/>
</kw>
<kw name="Input Text" library="SeleniumLibrary">
<arg>name=passwd</arg>
<arg>11111</arg>
<doc>Types the given ``text`` into the text field identified by ``locator``.</doc>
<msg timestamp="20210620 22:46:28.190" level="INFO">Typing text '11111' into text field 'name=passwd'.</msg>
<status status="PASS" starttime="20210620 22:46:28.189" endtime="20210620 22:46:28.315"/>
</kw>
<kw name="Input Text" library="SeleniumLibrary">
<arg>name=firstname</arg>
<arg>${NAME}</arg>
<doc>Types the given ``text`` into the text field identified by ``locator``.</doc>
<msg timestamp="20210620 22:46:28.316" level="INFO">Typing text 'Thiago' into text field 'name=firstname'.</msg>
<status status="PASS" starttime="20210620 22:46:28.315" endtime="20210620 22:46:28.446"/>
</kw>
<kw name="Input Text" library="SeleniumLibrary">
<arg>name=lastname</arg>
<arg>${LASTMANE}</arg>
<doc>Types the given ``text`` into the text field identified by ``locator``.</doc>
<msg timestamp="20210620 22:46:28.446" level="INFO">Typing text 'Taka' into text field 'name=lastname'.</msg>
<status status="PASS" starttime="20210620 22:46:28.446" endtime="20210620 22:46:28.594"/>
</kw>
<kw name="Input Text" library="SeleniumLibrary">
<arg>name=address1</arg>
<arg>Rua teste</arg>
<doc>Types the given ``text`` into the text field identified by ``locator``.</doc>
<msg timestamp="20210620 22:46:28.595" level="INFO">Typing text 'Rua teste' into text field 'name=address1'.</msg>
<status status="PASS" starttime="20210620 22:46:28.594" endtime="20210620 22:46:28.699"/>
</kw>
<kw name="Input Text" library="SeleniumLibrary">
<arg>name=city</arg>
<arg>New York</arg>
<doc>Types the given ``text`` into the text field identified by ``locator``.</doc>
<msg timestamp="20210620 22:46:28.700" level="INFO">Typing text 'New York' into text field 'name=city'.</msg>
<status status="PASS" starttime="20210620 22:46:28.699" endtime="20210620 22:46:28.829"/>
</kw>
<kw name="Select From List By Value" library="SeleniumLibrary">
<arg>name=id_state</arg>
<arg>32</arg>
<doc>Selects options from selection list ``locator`` by ``values``.</doc>
<msg timestamp="20210620 22:46:28.830" level="INFO">Selecting options from selection list 'name=id_state' by value 32.</msg>
<status status="PASS" starttime="20210620 22:46:28.830" endtime="20210620 22:46:28.912"/>
</kw>
<kw name="Input Text" library="SeleniumLibrary">
<arg>name=postcode</arg>
<arg>00000</arg>
<doc>Types the given ``text`` into the text field identified by ``locator``.</doc>
<msg timestamp="20210620 22:46:28.912" level="INFO">Typing text '00000' into text field 'name=postcode'.</msg>
<status status="PASS" starttime="20210620 22:46:28.912" endtime="20210620 22:46:29.049"/>
</kw>
<kw name="Select From List By Value" library="SeleniumLibrary">
<arg>name=id_country</arg>
<arg>21</arg>
<doc>Selects options from selection list ``locator`` by ``values``.</doc>
<msg timestamp="20210620 22:46:29.051" level="INFO">Selecting options from selection list 'name=id_country' by value 21.</msg>
<status status="PASS" starttime="20210620 22:46:29.050" endtime="20210620 22:46:29.121"/>
</kw>
<kw name="Input Text" library="SeleniumLibrary">
<arg>name=phone_mobile</arg>
<arg>9999999</arg>
<doc>Types the given ``text`` into the text field identified by ``locator``.</doc>
<msg timestamp="20210620 22:46:29.122" level="INFO">Typing text '9999999' into text field 'name=phone_mobile'.</msg>
<status status="PASS" starttime="20210620 22:46:29.122" endtime="20210620 22:46:29.224"/>
</kw>
<status status="PASS" starttime="20210620 22:46:25.844" endtime="20210620 22:46:29.225"/>
</kw>
<kw name="Submeter cadastro" library="resourceWebTesting">
<kw name="Click Element" library="SeleniumLibrary">
<arg>xpath=//span[contains(.,'Register')]</arg>
<doc>Click the element identified by ``locator``.</doc>
<msg timestamp="20210620 22:46:29.227" level="INFO">Clicking element 'xpath=//span[contains(.,'Register')]'.</msg>
<status status="PASS" starttime="20210620 22:46:29.226" endtime="20210620 22:46:31.182"/>
</kw>
<status status="PASS" starttime="20210620 22:46:29.225" endtime="20210620 22:46:31.182"/>
</kw>
<kw name="Conferir se o cadastro foi efetuado com sucesso" library="resourceWebTesting">
<kw name="Element Text Should Be" library="SeleniumLibrary">
<arg>xpath=//h1[contains(.,'My account')]</arg>
<arg>MY ACCOUNT</arg>
<doc>Verifies that element ``locator`` contains exact the text ``expected``.</doc>
<msg timestamp="20210620 22:46:31.185" level="INFO">Verifying element 'xpath=//h1[contains(.,'My account')]' contains exact text 'MY ACCOUNT'.</msg>
<status status="PASS" starttime="20210620 22:46:31.184" endtime="20210620 22:46:31.237"/>
</kw>
<kw name="Element Text Should Be" library="SeleniumLibrary">
<arg>//*[@id="center_column"]/p[@class="info-account"]</arg>
<arg>Welcome to your account. Here you can manage all of your personal information and orders.</arg>
<doc>Verifies that element ``locator`` contains exact the text ``expected``.</doc>
<msg timestamp="20210620 22:46:31.238" level="INFO">Verifying element '//*[@id="center_column"]/p[@class="info-account"]' contains exact text 'Welcome to your account. Here you can manage all of your personal information and orders.'.</msg>
<status status="PASS" starttime="20210620 22:46:31.238" endtime="20210620 22:46:31.268"/>
</kw>
<status status="PASS" starttime="20210620 22:46:31.183" endtime="20210620 22:46:31.269"/>
</kw>
<status status="PASS" starttime="20210620 22:46:18.132" endtime="20210620 22:46:31.269"/>
</test>
<kw name="Fechar o navegador" library="resourceWebTesting" type="TEARDOWN">
<kw name="Close Browser" library="SeleniumLibrary">
<doc>Closes the current browser.</doc>
<status status="PASS" starttime="20210620 22:46:31.271" endtime="20210620 22:46:34.511"/>
</kw>
<status status="PASS" starttime="20210620 22:46:31.271" endtime="20210620 22:46:34.511"/>
</kw>
<doc>Suite de testes WEB - Site: htt://automationpractice.com</doc>
<status status="PASS" starttime="20210620 22:46:16.102" endtime="20210620 22:46:34.511"/>
</suite>
<statistics>
<total>
<stat pass="1" fail="0" skip="0">All Tests</stat>
</total>
<tag>
</tag>
<suite>
<stat pass="1" fail="0" skip="0" id="s1" name="suiteWebTesting">suiteWebTesting</stat>
</suite>
</statistics>
<errors>
</errors>
</robot>
