<?xml version="1.0" encoding="UTF-8"?>
<robot generator="Robot 4.0.3 (Python 3.9.5 on win32)" generated="20210616 20:31:42.433" rpa="false" schemaversion="2">
<suite id="s1" name="suiteWebTesting" source="C:\Users\TAKA\Documents\Docs - Thiago\Cursos\PrimeExpert\prime_experts_jun2021\web_testing\suiteWebTesting.robot">
<kw name="Abrir o navegador" library="resourceWebTesting" type="SETUP">
<kw name="Open Browser" library="SeleniumLibrary">
<arg>browser=chrome</arg>
<doc>Opens a new browser instance to the optional ``url``.</doc>
<msg timestamp="20210616 20:31:42.744" level="INFO">Opening browser 'chrome' to base url 'None'.</msg>
<status status="PASS" starttime="20210616 20:31:42.743" endtime="20210616 20:31:44.859"/>
</kw>
<status status="PASS" starttime="20210616 20:31:42.743" endtime="20210616 20:31:44.860"/>
</kw>
<test id="s1-t1" name="Caso de Teste 01: Pesquisar produto existente">
<kw name="Acessar a página home do site Automation Practice" library="resourceWebTesting">
<kw name="Go To" library="SeleniumLibrary">
<arg>${URL}</arg>
<doc>Navigates the current browser window to the provided ``url``.</doc>
<msg timestamp="20210616 20:31:44.870" level="INFO">Opening url 'http://automationpractice.com/index.php'</msg>
<status status="PASS" starttime="20210616 20:31:44.869" endtime="20210616 20:31:52.613"/>
</kw>
<kw name="Wait Until Element Is Visible" library="SeleniumLibrary">
<arg>xpath=//img[contains(@class,'logo img-responsive')]</arg>
<doc>Waits until the element ``locator`` is visible.</doc>
<status status="PASS" starttime="20210616 20:31:52.613" endtime="20210616 20:31:52.653"/>
</kw>
<status status="PASS" starttime="20210616 20:31:44.868" endtime="20210616 20:31:52.653"/>
</kw>
<kw name="Digitar o nome do produto &quot;Blouse&quot; no campo pesquisar" library="resourceWebTesting" sourcename="Digitar o nome do produto &quot;${PRODUTO}&quot; no campo pesquisar">
<kw name="Input Text" library="SeleniumLibrary">
<arg>xpath=//input[@class='search_query form-control ac_input'][contains(@id,'top')]</arg>
<arg>${PRODUTO}</arg>
<doc>Types the given ``text`` into the text field identified by ``locator``.</doc>
<msg timestamp="20210616 20:31:52.655" level="INFO">Typing text 'Blouse' into text field 'xpath=//input[@class='search_query form-control ac_input'][contains(@id,'top')]'.</msg>
<status status="PASS" starttime="20210616 20:31:52.654" endtime="20210616 20:31:53.067"/>
</kw>
<status status="PASS" starttime="20210616 20:31:52.654" endtime="20210616 20:31:53.068"/>
</kw>
<kw name="Clicar no botão pesquisar" library="resourceWebTesting">
<kw name="Click Button" library="SeleniumLibrary">
<arg>name=submit_search</arg>
<doc>Clicks the button identified by ``locator``.</doc>
<msg timestamp="20210616 20:31:53.079" level="INFO">Clicking button 'name=submit_search'.</msg>
<status status="PASS" starttime="20210616 20:31:53.079" endtime="20210616 20:31:54.324"/>
</kw>
<status status="PASS" starttime="20210616 20:31:53.078" endtime="20210616 20:31:54.325"/>
</kw>
<kw name="Conferir se o produto &quot;Blouse&quot; foi listado na pesquisa" library="resourceWebTesting" sourcename="Conferir se o produto &quot;${PRODUTO}&quot; foi listado na pesquisa">
<kw name="Wait Until Element Is Visible" library="SeleniumLibrary">
<arg>xpath=//img[contains(@alt,'Blouse')]</arg>
<doc>Waits until the element ``locator`` is visible.</doc>
<status status="PASS" starttime="20210616 20:31:54.326" endtime="20210616 20:31:54.915"/>
</kw>
<status status="PASS" starttime="20210616 20:31:54.325" endtime="20210616 20:31:54.916"/>
</kw>
<kw name="Adcionar o produto &quot;Blouse&quot; no carrinho" library="resourceWebTesting" sourcename="Adcionar o produto &quot;${PRODUTO}&quot; no carrinho">
<kw name="Wait Until Element Is Visible" library="SeleniumLibrary">
<arg>xpath=//span[contains(.,'Add to cart')]</arg>
<doc>Waits until the element ``locator`` is visible.</doc>
<status status="PASS" starttime="20210616 20:31:54.917" endtime="20210616 20:31:54.942"/>
</kw>
<kw name="Click Element" library="SeleniumLibrary">
<arg>xpath=//span[contains(.,'Add to cart')]</arg>
<doc>Click the element identified by ``locator``.</doc>
<msg timestamp="20210616 20:31:54.943" level="INFO">Clicking element 'xpath=//span[contains(.,'Add to cart')]'.</msg>
<status status="PASS" starttime="20210616 20:31:54.942" endtime="20210616 20:31:55.054"/>
</kw>
<kw name="Wait Until Element Is Visible" library="SeleniumLibrary">
<arg>xpath=//span[contains(.,'Proceed to checkout')]</arg>
<doc>Waits until the element ``locator`` is visible.</doc>
<status status="PASS" starttime="20210616 20:31:55.055" endtime="20210616 20:31:56.601"/>
</kw>
<kw name="Click Element" library="SeleniumLibrary">
<arg>xpath=//span[contains(.,'Proceed to checkout')]</arg>
<doc>Click the element identified by ``locator``.</doc>
<msg timestamp="20210616 20:31:56.602" level="INFO">Clicking element 'xpath=//span[contains(.,'Proceed to checkout')]'.</msg>
<status status="PASS" starttime="20210616 20:31:56.601" endtime="20210616 20:32:01.280"/>
</kw>
<status status="PASS" starttime="20210616 20:31:54.916" endtime="20210616 20:32:01.280"/>
</kw>
<status status="PASS" starttime="20210616 20:31:44.860" endtime="20210616 20:32:01.281"/>
</test>
<kw name="Fechar o navegador" library="resourceWebTesting" type="TEARDOWN">
<msg timestamp="20210616 20:32:01.283" level="FAIL">User keyword 'Fechar o navegador' contains no keywords.</msg>
<status status="FAIL" starttime="20210616 20:32:01.283" endtime="20210616 20:32:01.284">User keyword 'Fechar o navegador' contains no keywords.</status>
</kw>
<doc>Suite de testes WEB - Site: htt://automationpractice.com</doc>
<status status="FAIL" starttime="20210616 20:31:42.436" endtime="20210616 20:32:01.284">Suite teardown failed:
User keyword 'Fechar o navegador' contains no keywords.</status>
</suite>
<statistics>
<total>
<stat pass="0" fail="1" skip="0">All Tests</stat>
</total>
<tag>
</tag>
<suite>
<stat pass="0" fail="1" skip="0" id="s1" name="suiteWebTesting">suiteWebTesting</stat>
</suite>
</statistics>
<errors>
</errors>
</robot>
