<?xml version="1.0" encoding="UTF-8"?>
<robot generator="Robot 4.0.3 (Python 3.9.5 on win32)" generated="20210616 21:07:34.290" rpa="false" schemaversion="2">
<suite id="s1" name="suiteWebTesting" source="C:\Users\TAKA\Documents\Docs - Thiago\Cursos\PrimeExpert\prime_experts_jun2021\web_testing\suiteWebTesting.robot">
<kw name="Abrir o navegador" library="resourceWebTesting" type="SETUP">
<kw name="Open Browser" library="SeleniumLibrary">
<arg>browser=chrome</arg>
<doc>Opens a new browser instance to the optional ``url``.</doc>
<msg timestamp="20210616 21:07:34.604" level="INFO">Opening browser 'chrome' to base url 'None'.</msg>
<status status="PASS" starttime="20210616 21:07:34.604" endtime="20210616 21:07:36.303"/>
</kw>
<status status="PASS" starttime="20210616 21:07:34.603" endtime="20210616 21:07:36.304"/>
</kw>
<test id="s1-t1" name="Caso de Teste 03: Listar Produtos">
<kw name="Acessar a página home do site" library="resourceWebTesting">
<kw name="Go To" library="SeleniumLibrary">
<arg>${URL}</arg>
<doc>Navigates the current browser window to the provided ``url``.</doc>
<msg timestamp="20210616 21:07:36.320" level="INFO">Opening url 'http://automationpractice.com/index.php'</msg>
<status status="PASS" starttime="20210616 21:07:36.320" endtime="20210616 21:07:43.540"/>
</kw>
<kw name="Wait Until Element Is Visible" library="SeleniumLibrary">
<arg>xpath=//img[contains(@class,'logo img-responsive')]</arg>
<doc>Waits until the element ``locator`` is visible.</doc>
<status status="PASS" starttime="20210616 21:07:43.540" endtime="20210616 21:07:43.578"/>
</kw>
<status status="PASS" starttime="20210616 21:07:36.318" endtime="20210616 21:07:43.579"/>
</kw>
<kw name="Passar o mouse por cima da categoria &quot;Women&quot; no menu principal superior de categorias" library="resourceWebTesting" sourcename="Passar o mouse por cima da categoria &quot;${CATEGORIA}&quot; no menu principal superior de categorias">
<kw name="Mouse Over" library="SeleniumLibrary">
<arg>title=Women</arg>
<doc>Simulates hovering the mouse over the element ``locator``.</doc>
<msg timestamp="20210616 21:07:43.581" level="INFO">Simulating Mouse Over on element 'title=Women'.</msg>
<kw name="Capture Page Screenshot" library="SeleniumLibrary">
<doc>Takes a screenshot of the current page and embeds it into a log file.</doc>
<msg timestamp="20210616 21:07:44.194" level="INFO" html="true">&lt;/td&gt;&lt;/tr&gt;&lt;tr&gt;&lt;td colspan="3"&gt;&lt;a href="selenium-screenshot-3.png"&gt;&lt;img src="selenium-screenshot-3.png" width="800px"&gt;&lt;/a&gt;</msg>
<status status="PASS" starttime="20210616 21:07:43.595" endtime="20210616 21:07:44.194"/>
</kw>
<msg timestamp="20210616 21:07:44.199" level="FAIL">Element with locator 'title=Women' not found.</msg>
<status status="FAIL" starttime="20210616 21:07:43.581" endtime="20210616 21:07:44.199"/>
</kw>
<status status="FAIL" starttime="20210616 21:07:43.580" endtime="20210616 21:07:44.199"/>
</kw>
<status status="FAIL" starttime="20210616 21:07:36.304" endtime="20210616 21:07:44.200">Element with locator 'title=Women' not found.</status>
</test>
<kw name="Fechar o navegador" library="resourceWebTesting" type="TEARDOWN">
<msg timestamp="20210616 21:07:44.204" level="FAIL">User keyword 'Fechar o navegador' contains no keywords.</msg>
<status status="FAIL" starttime="20210616 21:07:44.204" endtime="20210616 21:07:44.204">User keyword 'Fechar o navegador' contains no keywords.</status>
</kw>
<doc>Suite de testes WEB - Site: htt://automationpractice.com</doc>
<status status="FAIL" starttime="20210616 21:07:34.292" endtime="20210616 21:07:44.204">Suite teardown failed:
User keyword 'Fechar o navegador' contains no keywords.</status>
</suite>
<statistics>
<total>
<stat pass="0" fail="1" skip="0">All Tests</stat>
</total>
<tag>
</tag>
<suite>
<stat pass="0" fail="1" skip="0" id="s1" name="suiteWebTesting">suiteWebTesting</stat>
</suite>
</statistics>
<errors>
</errors>
</robot>
