<?xml version="1.0" encoding="UTF-8"?>
<robot generator="Robot 4.0.3 (Python 3.9.5 on win32)" generated="20210618 21:57:40.834" rpa="false" schemaversion="2">
<suite id="s1" name="Testes" source="C:\Users\TAKA\Documents\Docs - Thiago\Cursos\PrimeExpert\prime_experts_jun2021\aula_mobile\testes.robot">
<test id="s1-t1" name="Search content">
<kw name="Open Youtube">
<kw name="Open Application" library="AppiumLibrary">
<arg>${REMOTE_URL}</arg>
<arg>platformName=${PLATFORM_NAME}</arg>
<arg>platformVersion=${PLATFORM_VERSION}</arg>
<arg>deviceName=${DEVICE_NAME}</arg>
<arg>appPackage=${APP_PACKAGE}</arg>
<arg>appActivity=${APP_ACTIVITY}</arg>
<arg>automationName=${AUTOMATION_NAME}</arg>
<doc>Opens a new application to given Appium server.
Capabilities of appium server, Android and iOS,
Please check https://github.com/appium/appium/blob/master/docs/en/writing-running-appium/server-args.md
| *Option*            | *Man.* | *Description*     |
| remote_url          | Yes    | Appium server url |
| alias               | no     | alias             |</doc>
<status status="PASS" starttime="20210618 21:57:41.196" endtime="20210618 21:58:08.750"/>
</kw>
<kw name="Wait Until Page Contains Element" library="AppiumLibrary">
<arg>${BANNER_ICON}</arg>
<arg>20</arg>
<doc>Waits until element specified with `locator` appears on current page.</doc>
<status status="PASS" starttime="20210618 21:58:08.750" endtime="20210618 21:58:16.243"/>
</kw>
<status status="PASS" starttime="20210618 21:57:41.196" endtime="20210618 21:58:16.244"/>
</kw>
<kw name="Search For">
<arg>adrenaline</arg>
<kw name="Wait Until Page Contains Element" library="AppiumLibrary">
<arg>${BTN_SEARCH}</arg>
<doc>Waits until element specified with `locator` appears on current page.</doc>
<status status="PASS" starttime="20210618 21:58:16.248" endtime="20210618 21:58:18.834"/>
</kw>
<kw name="Click Element" library="AppiumLibrary">
<arg>${BTN_SEARCH}</arg>
<doc>Click element identified by `locator`.</doc>
<msg timestamp="20210618 21:58:18.843" level="INFO">Clicking element 'accessibility_id=Search'.</msg>
<status status="PASS" starttime="20210618 21:58:18.835" endtime="20210618 21:58:19.067"/>
</kw>
<kw name="Wait Until Page Contains Element" library="AppiumLibrary">
<arg>${INPUT_SEARCH}</arg>
<doc>Waits until element specified with `locator` appears on current page.</doc>
<status status="PASS" starttime="20210618 21:58:19.068" endtime="20210618 21:58:20.044"/>
</kw>
<kw name="Input Text" library="AppiumLibrary">
<arg>${INPUT_SEARCH}</arg>
<arg>${content}</arg>
<doc>Types the given `text` into text field identified by `locator`.</doc>
<msg timestamp="20210618 21:58:20.050" level="INFO">Typing text 'adrenaline' into text field 'search_edit_text'</msg>
<status status="PASS" starttime="20210618 21:58:20.045" endtime="20210618 21:58:22.665"/>
</kw>
<kw name="Press Keycode" library="AppiumLibrary">
<arg>66</arg>
<doc>Sends a press of keycode to the device.</doc>
<status status="PASS" starttime="20210618 21:58:22.666" endtime="20210618 21:58:24.066"/>
</kw>
<kw name="Wait Until Page Contains Element" library="AppiumLibrary">
<arg>${CHANNEL_NAME}</arg>
<doc>Waits until element specified with `locator` appears on current page.</doc>
<status status="PASS" starttime="20210618 21:58:24.067" endtime="20210618 21:58:29.513"/>
</kw>
<kw name="Click Element" library="AppiumLibrary">
<arg>${CHANNEL_NAME}</arg>
<doc>Click element identified by `locator`.</doc>
<msg timestamp="20210618 21:58:29.519" level="INFO">Clicking element 'channel_name'.</msg>
<status status="PASS" starttime="20210618 21:58:29.514" endtime="20210618 21:58:30.562"/>
</kw>
<status status="PASS" starttime="20210618 21:58:16.247" endtime="20210618 21:58:30.562"/>
</kw>
<kw name="Select Playlist Menu">
<kw name="Wait Until Page Contains Element" library="AppiumLibrary">
<arg>${PLAYLISTS}</arg>
<doc>Waits until element specified with `locator` appears on current page.</doc>
<status status="PASS" starttime="20210618 21:58:30.569" endtime="20210618 21:58:33.448"/>
</kw>
<kw name="Click Element" library="AppiumLibrary">
<arg>${PLAYLISTS}</arg>
<doc>Click element identified by `locator`.</doc>
<msg timestamp="20210618 21:58:33.456" level="INFO">Clicking element 'accessibility_id=Playlists'.</msg>
<status status="PASS" starttime="20210618 21:58:33.449" endtime="20210618 21:58:33.633"/>
</kw>
<kw name="Wait Until Page Contains Element" library="AppiumLibrary">
<arg>${CHOOSE_E3}</arg>
<doc>Waits until element specified with `locator` appears on current page.</doc>
<status status="PASS" starttime="20210618 21:58:33.633" endtime="20210618 21:58:36.924"/>
</kw>
<kw name="Click Element" library="AppiumLibrary">
<arg>${CHOOSE_E3}</arg>
<doc>Click element identified by `locator`.</doc>
<msg timestamp="20210618 21:58:36.927" level="INFO">Clicking element '//android.widget.TextView[@text='E3 2021']'.</msg>
<status status="PASS" starttime="20210618 21:58:36.924" endtime="20210618 21:58:37.406"/>
</kw>
<status status="PASS" starttime="20210618 21:58:30.568" endtime="20210618 21:58:37.407"/>
</kw>
<kw name="Navigate Menus">
<kw name="Click Element" library="AppiumLibrary">
<arg>${HOME_BTN}</arg>
<doc>Click element identified by `locator`.</doc>
<msg timestamp="20210618 21:58:37.428" level="INFO">Clicking element 'accessibility_id=Home'.</msg>
<status status="PASS" starttime="20210618 21:58:37.421" endtime="20210618 21:58:39.788"/>
</kw>
<kw name="Click Element" library="AppiumLibrary">
<arg>${TRENDING_BTN}</arg>
<doc>Click element identified by `locator`.</doc>
<msg timestamp="20210618 21:58:39.796" level="INFO">Clicking element 'accessibility_id=Explore'.</msg>
<kw name="Capture Page Screenshot" library="AppiumLibrary">
<doc>Takes a screenshot of the current page and embeds it into the log.</doc>
<msg timestamp="20210618 21:58:43.092" level="INFO" html="true">&lt;/td&gt;&lt;/tr&gt;&lt;tr&gt;&lt;td colspan="3"&gt;&lt;a href="appium-screenshot-1.png"&gt;&lt;img src="appium-screenshot-1.png" width="800px"&gt;&lt;/a&gt;</msg>
<status status="PASS" starttime="20210618 21:58:41.170" endtime="20210618 21:58:43.092"/>
</kw>
<msg timestamp="20210618 21:58:43.095" level="FAIL">ValueError: Element locator 'accessibility_id=Explore' did not match any elements.</msg>
<status status="FAIL" starttime="20210618 21:58:39.789" endtime="20210618 21:58:43.095"/>
</kw>
<kw name="Click Element" library="AppiumLibrary">
<arg>${SUBSCRIPTIONS_BTN}</arg>
<doc>Click element identified by `locator`.</doc>
<status status="NOT RUN" starttime="20210618 21:58:43.095" endtime="20210618 21:58:43.096"/>
</kw>
<kw name="Click Element" library="AppiumLibrary">
<arg>${NOTIFICATION_BTN}</arg>
<doc>Click element identified by `locator`.</doc>
<status status="NOT RUN" starttime="20210618 21:58:43.096" endtime="20210618 21:58:43.096"/>
</kw>
<status status="FAIL" starttime="20210618 21:58:37.420" endtime="20210618 21:58:43.097"/>
</kw>
<status status="FAIL" starttime="20210618 21:57:41.195" endtime="20210618 21:58:43.098">ValueError: Element locator 'accessibility_id=Explore' did not match any elements.</status>
</test>
<doc>automatizando app do youtube (PrimeExperts)</doc>
<status status="FAIL" starttime="20210618 21:57:40.836" endtime="20210618 21:58:43.100"/>
</suite>
<statistics>
<total>
<stat pass="0" fail="1" skip="0">All Tests</stat>
</total>
<tag>
</tag>
<suite>
<stat pass="0" fail="1" skip="0" id="s1" name="Testes">Testes</stat>
</suite>
</statistics>
<errors>
</errors>
</robot>
