<?xml version="1.0" encoding="UTF-8"?>
<robot generator="Robot 4.0.3 (Python 3.9.5 on win32)" generated="20210620 17:39:55.414" rpa="false" schemaversion="2">
<suite id="s1" name="Testes" source="C:\Users\TAKA\Documents\Docs - Thiago\Cursos\PrimeExpert\prime_experts_jun2021\aula_mobile\testes.robot">
<test id="s1-t1" name="Search content">
<kw name="Open Youtube">
<kw name="Open Application" library="AppiumLibrary">
<arg>${REMOTE_URL}</arg>
<arg>platformName=${PLATFORM_NAME}</arg>
<arg>platformVersion=${PLATFORM_VERSION}</arg>
<arg>deviceName=${DEVICE_NAME}</arg>
<arg>appPackage=${APP_PACKAGE}</arg>
<arg>appActivity=${APP_ACTIVITY}</arg>
<arg>automationName=${AUTOMATION_NAME}</arg>
<doc>Opens a new application to given Appium server.
Capabilities of appium server, Android and iOS,
Please check https://github.com/appium/appium/blob/master/docs/en/writing-running-appium/server-args.md
| *Option*            | *Man.* | *Description*     |
| remote_url          | Yes    | Appium server url |
| alias               | no     | alias             |</doc>
<status status="PASS" starttime="20210620 17:39:55.723" endtime="20210620 17:40:20.636"/>
</kw>
<kw name="Wait Until Page Contains Element" library="AppiumLibrary">
<arg>${BANNER_ICON}</arg>
<arg>20</arg>
<doc>Waits until element specified with `locator` appears on current page.</doc>
<status status="PASS" starttime="20210620 17:40:20.637" endtime="20210620 17:40:24.979"/>
</kw>
<status status="PASS" starttime="20210620 17:39:55.722" endtime="20210620 17:40:24.979"/>
</kw>
<kw name="Search For">
<arg>adrenaline</arg>
<kw name="Wait Until Page Contains Element" library="AppiumLibrary">
<arg>${BTN_SEARCH}</arg>
<doc>Waits until element specified with `locator` appears on current page.</doc>
<status status="PASS" starttime="20210620 17:40:24.980" endtime="20210620 17:40:25.597"/>
</kw>
<kw name="Click Element" library="AppiumLibrary">
<arg>${BTN_SEARCH}</arg>
<doc>Click element identified by `locator`.</doc>
<msg timestamp="20210620 17:40:25.606" level="INFO">Clicking element 'accessibility_id=Search'.</msg>
<status status="PASS" starttime="20210620 17:40:25.598" endtime="20210620 17:40:26.124"/>
</kw>
<kw name="Wait Until Page Contains Element" library="AppiumLibrary">
<arg>${INPUT_SEARCH}</arg>
<doc>Waits until element specified with `locator` appears on current page.</doc>
<status status="PASS" starttime="20210620 17:40:26.124" endtime="20210620 17:40:26.500"/>
</kw>
<kw name="Input Text" library="AppiumLibrary">
<arg>${INPUT_SEARCH}</arg>
<arg>${content}</arg>
<doc>Types the given `text` into text field identified by `locator`.</doc>
<msg timestamp="20210620 17:40:26.506" level="INFO">Typing text 'adrenaline' into text field 'search_edit_text'</msg>
<status status="PASS" starttime="20210620 17:40:26.501" endtime="20210620 17:40:28.988"/>
</kw>
<kw name="Press Keycode" library="AppiumLibrary">
<arg>66</arg>
<doc>Sends a press of keycode to the device.</doc>
<status status="PASS" starttime="20210620 17:40:28.988" endtime="20210620 17:40:30.420"/>
</kw>
<kw name="Sleep" library="BuiltIn">
<arg>5s</arg>
<doc>Pauses the test executed for the given time.</doc>
<msg timestamp="20210620 17:40:35.421" level="INFO">Slept 5 seconds</msg>
<status status="PASS" starttime="20210620 17:40:30.420" endtime="20210620 17:40:35.421"/>
</kw>
<kw name="Wait Until Page Contains Element" library="AppiumLibrary">
<arg>${CHANNEL_NAME}</arg>
<doc>Waits until element specified with `locator` appears on current page.</doc>
<status status="PASS" starttime="20210620 17:40:35.421" endtime="20210620 17:40:35.579"/>
</kw>
<kw name="Click Element" library="AppiumLibrary">
<arg>${CHANNEL_NAME}</arg>
<doc>Click element identified by `locator`.</doc>
<msg timestamp="20210620 17:40:35.584" level="INFO">Clicking element 'channel_name'.</msg>
<status status="PASS" starttime="20210620 17:40:35.579" endtime="20210620 17:40:36.549"/>
</kw>
<status status="PASS" starttime="20210620 17:40:24.980" endtime="20210620 17:40:36.549"/>
</kw>
<kw name="Select Playlist Menu">
<kw name="Wait Until Page Contains Element" library="AppiumLibrary">
<arg>${PLAYLISTS}</arg>
<doc>Waits until element specified with `locator` appears on current page.</doc>
<status status="PASS" starttime="20210620 17:40:36.557" endtime="20210620 17:40:38.543"/>
</kw>
<kw name="Click Element" library="AppiumLibrary">
<arg>${PLAYLISTS}</arg>
<doc>Click element identified by `locator`.</doc>
<msg timestamp="20210620 17:40:38.550" level="INFO">Clicking element 'accessibility_id=Playlists'.</msg>
<status status="PASS" starttime="20210620 17:40:38.544" endtime="20210620 17:40:39.806"/>
</kw>
<kw name="Wait Until Page Contains Element" library="AppiumLibrary">
<arg>${CHOOSE_E3}</arg>
<doc>Waits until element specified with `locator` appears on current page.</doc>
<status status="PASS" starttime="20210620 17:40:39.806" endtime="20210620 17:40:41.510"/>
</kw>
<kw name="Click Element" library="AppiumLibrary">
<arg>${CHOOSE_E3}</arg>
<doc>Click element identified by `locator`.</doc>
<msg timestamp="20210620 17:40:41.518" level="INFO">Clicking element '//android.widget.TextView[@text='E3 2021']'.</msg>
<status status="PASS" starttime="20210620 17:40:41.511" endtime="20210620 17:40:43.165"/>
</kw>
<status status="PASS" starttime="20210620 17:40:36.556" endtime="20210620 17:40:43.165"/>
</kw>
<kw name="Navigate Menus">
<kw name="Click Element" library="AppiumLibrary">
<arg>${HOME_BTN}</arg>
<doc>Click element identified by `locator`.</doc>
<msg timestamp="20210620 17:40:43.189" level="INFO">Clicking element 'accessibility_id=Home'.</msg>
<status status="PASS" starttime="20210620 17:40:43.167" endtime="20210620 17:40:45.820"/>
</kw>
<kw name="Click Element" library="AppiumLibrary">
<arg>${TRENDING_BTN}</arg>
<doc>Click element identified by `locator`.</doc>
<msg timestamp="20210620 17:40:45.827" level="INFO">Clicking element 'accessibility_id=Trending'.</msg>
<status status="PASS" starttime="20210620 17:40:45.820" endtime="20210620 17:40:46.809"/>
</kw>
<kw name="Click Element" library="AppiumLibrary">
<arg>${SUBSCRIPTIONS_BTN}</arg>
<doc>Click element identified by `locator`.</doc>
<msg timestamp="20210620 17:40:46.817" level="INFO">Clicking element 'accessibility_id=Subscriptions'.</msg>
<status status="PASS" starttime="20210620 17:40:46.809" endtime="20210620 17:40:49.012"/>
</kw>
<kw name="Click Element" library="AppiumLibrary">
<arg>${NOTIFICATION_BTN}</arg>
<doc>Click element identified by `locator`.</doc>
<msg timestamp="20210620 17:40:49.019" level="INFO">Clicking element 'accessibility_id=Notifications'.</msg>
<status status="PASS" starttime="20210620 17:40:49.013" endtime="20210620 17:40:50.472"/>
</kw>
<status status="PASS" starttime="20210620 17:40:43.166" endtime="20210620 17:40:50.472"/>
</kw>
<status status="PASS" starttime="20210620 17:39:55.721" endtime="20210620 17:40:50.473"/>
</test>
<doc>automatizando app do youtube (PrimeExperts)</doc>
<status status="PASS" starttime="20210620 17:39:55.417" endtime="20210620 17:40:50.478"/>
</suite>
<statistics>
<total>
<stat pass="1" fail="0" skip="0">All Tests</stat>
</total>
<tag>
</tag>
<suite>
<stat pass="1" fail="0" skip="0" id="s1" name="Testes">Testes</stat>
</suite>
</statistics>
<errors>
</errors>
</robot>
